<?xml version="1.0" encoding="UTF-8"?>
<!-- Generated by org.testng.reporters.JUnitXMLReporter -->
<testsuite ignored="0" hostname="BSRPN" failures="2" tests="36" name="nopCommerceTest" time="222.027" errors="0" timestamp="2025-09-08T19:05:49 IST">
  <testcase classname="TestCases.SmokeTestAll" name="validateHomePageLoaded" time="0.383"/>
  <testcase classname="TestCases.SmokeTestAll" name="validateHomePageTitle" time="0.058"/>
  <testcase classname="TestCases.SmokeTestAll" name="validateHomePageURL" time="0.011"/>
  <testcase classname="TestCases.SmokeTestAll" name="validateLogoDisplayed" time="0.044"/>
  <testcase classname="TestCases.SmokeTestAll" name="validateRegisterButtonClickable" time="1.098"/>
  <testcase classname="TestCases.SmokeTestAll" name="validateLoginButtonClickable" time="1.041"/>
  <testcase classname="TestCases.SmokeTestAll" name="validateScrollToContactUs" time="0.142"/>
  <testcase classname="TestCases.SmokeTestAll" name="validateTopMenuHover" time="1.768"/>
  <testcase classname="TestCases.SmokeTestAll" name="validateCurrencyDropdown" time="1.033"/>
  <testcase classname="TestCases.SmokeTestAll" name="validateCartIconClickable" time="0.1"/>
  <testcase classname="TestCases.Register" name="ValidRegistration" time="5.448"/>
  <testcase classname="TestCases.Register" name="RegisteredUserCanLogout" time="2.06"/>
  <testcase classname="TestCases.Register" name="RegisteredUserCanLogin" time="2.956"/>
  <testcase classname="TestCases.RegisterDataProvider" name="ValidRegistration" time="23.742"/>
  <testcase classname="TestCases.RegisterDataProvider" name="RegisteredUserCanLogout" time="20.163"/>
  <testcase classname="TestCases.RegisterDataProvider" name="RegisteredUserCanLogin" time="12.81"/>
  <testcase classname="TestCases.MyAccountTests" name="validRegistration" time="7.702"/>
  <testcase classname="TestCases.MyAccountTests" name="registeredUserCanLogout" time="1.5"/>
  <testcase classname="TestCases.MyAccountTests" name="registeredUserCanLogin" time="2.748"/>
  <testcase classname="TestCases.MyAccountTests" name="loggedInUserCanChangePassword" time="3.284"/>
  <testcase classname="TestCases.MyAccountTests" name="closeNotificationBar" time="0.244"/>
  <testcase classname="TestCases.MyAccountTests" name="registeredUserCanLogoutAfterPasswordChange" time="2.752"/>
  <testcase classname="TestCases.MyAccountTests" name="userCanLoginWithNewPassword" time="2.639"/>
  <testcase classname="TestCases.SearchTest" name="searchAboutProduct" time="2.237"/>
  <testcase classname="TestCases.SearchTest" name="userCanSearch" time="1.437"/>
  <testcase classname="TestCases.SearchByAutoSuggest" name="searchWithAutoSuggest" time="4.185"/>
  <testcase classname="TestCases.SearchByAutoSuggest" name="userCanSearchWithAutoSuggest" time="4.086"/>
  <testcase classname="TestCases.wishListTest" name="searchAboutProduct" time="2.024"/>
  <testcase classname="TestCases.wishListTest" name="userCanAddProductToWishList" time="0.687"/>
  <testcase classname="TestCases.wishListTest" name="userCanRemoveProductFromWishList" time="0.687"/>
  <testcase classname="TestCases.CartTest" name="userCanSearchAndOpenProduct" time="2.374"/>
  <testcase classname="TestCases.CartTest" name="userCanAddProductToCart" time="1.997"/>
  <testcase classname="TestCases.CartTest" name="userCanUpdateProductQuantity" time="11.262"/>
  <testcase classname="TestCases.CartTest" name="userCanRemoveProductFromCart" time="0.608"/>
  <testcase classname="TestCases.CheckoutTest" name="testCheckoutProcess" time="47.975">
    <failure type="java.lang.AssertionError" message=" Checkout test failed: Expected condition failed: waiting for element to be clickable: Proxy element for: DefaultElementLocator &amp;apos;By.xpath: //button[@onclick=&amp;apos;if (!window.__cfRLUnblockHandlers) return false; Billing.save()&amp;apos;]&amp;apos; (tried for 10 second(s) with 500 milliseconds interval)">
      <![CDATA[java.lang.AssertionError:  Checkout test failed: Expected condition failed: waiting for element to be clickable: Proxy element for: DefaultElementLocator 'By.xpath: //button[@onclick='if (!window.__cfRLUnblockHandlers) return false; Billing.save()']' (tried for 10 second(s) with 500 milliseconds interval)
at TestCases.CheckoutTest.testCheckoutProcess(CheckoutTest.java:76)
at java.base/java.util.ArrayList.forEach(ArrayList.java:1596)
... Removed 26 stack frames]]>
    </failure>
  </testcase> <!-- testCheckoutProcess -->
  <testcase classname="TestCases.RegisterExcel" name="testUserRegistration" time="0.0">
    <failure type="java.lang.RuntimeException" message="java.io.FileNotFoundException: D:\Selenium-Youtube_Workspace\nopCommerceCapstonesrc\test\resources\userrData.xlsx (The system cannot find the path specified)">
      <![CDATA[java.lang.RuntimeException: java.io.FileNotFoundException: D:\Selenium-Youtube_Workspace\nopCommerceCapstonesrc\test\resources\userrData.xlsx (The system cannot find the path specified)
at java.base/java.util.ArrayList.forEach(ArrayList.java:1596)
Caused by: java.io.FileNotFoundException: D:\Selenium-Youtube_Workspace\nopCommerceCapstonesrc\test\resources\userrData.xlsx (The system cannot find the path specified)
at java.base/java.io.FileInputStream.open0(Native Method)
at java.base/java.io.FileInputStream.open(FileInputStream.java:213)
at java.base/java.io.FileInputStream.<init>(FileInputStream.java:152)
at java.base/java.io.FileInputStream.<init>(FileInputStream.java:106)
at Utilities.ExcelReader.setExcelFile(ExcelReader.java:14)
at TestCases.RegisterExcel.getRegisterData(RegisterExcel.java:20)
... 25 more
... Removed 30 stack frames]]>
    </failure>
  </testcase> <!-- testUserRegistration -->
</testsuite> <!-- nopCommerceTest -->
