<html>
<head>
<title>TestNG:  nopCommerceTest</title>
<link href="../testng.css" rel="stylesheet" type="text/css" />
<link href="../my-testng.css" rel="stylesheet" type="text/css" />

<style type="text/css">
.log { display: none;} 
.stack-trace { display: none;} 
</style>
<script type="text/javascript">
<!--
function flip(e) {
  current = e.style.display;
  if (current == 'block') {
    e.style.display = 'none';
    return 0;
  }
  else {
    e.style.display = 'block';
    return 1;
  }
}

function toggleBox(szDivId, elem, msg1, msg2)
{
  var res = -1;  if (document.getElementById) {
    res = flip(document.getElementById(szDivId));
  }
  else if (document.all) {
    // this is the way old msie versions work
    res = flip(document.all[szDivId]);
  }
  if(elem) {
    if(res == 0) elem.innerHTML = msg1; else elem.innerHTML = msg2;
  }

}

function toggleAllBoxes() {
  if (document.getElementsByTagName) {
    d = document.getElementsByTagName('div');
    for (i = 0; i < d.length; i++) {
      if (d[i].className == 'log') {
        flip(d[i]);
      }
    }
  }
}

// -->
</script>

</head>
<body>
<h2 align='center'>nopCommerceTest</h2><table border='1' align="center">
<tr>
<td>Tests passed/Failed/Skipped:</td><td>34/2/0</td>
</tr><tr>
<td>Started on:</td><td>Mon Sep 08 19:02:07 IST 2025</td>
</tr>
<tr><td>Total time:</td><td>222 seconds (222027 ms)</td>
</tr><tr>
<td>Included groups:</td><td></td>
</tr><tr>
<td>Excluded groups:</td><td></td>
</tr>
</table><p/>
<small><i>(Hover the method name to see the test class name)</i></small><p/>
<table width='100%' border='1' class='invocation-failed'>
<tr><td colspan='4' align='center'><b>FAILED TESTS</b></td></tr>
<tr><td><b>Test method</b></td>
<td><b>Attribute(s)</b></td>
<td width="30%"><b>Exception</b></td>
<td width="10%"><b>Time (seconds)</b></td>
<td><b>Instance</b></td>
</tr>
<tr>
<td title='TestCases.RegisterExcel.testUserRegistration()'><b>testUserRegistration</b><br>Test class: TestCases.RegisterExcel</td>
<td><div><pre>java.lang.RuntimeException: java.io.FileNotFoundException: D:\Selenium-Youtube_Workspace\nopCommerceCapstonesrc\test\resources\userrData.xlsx (The system cannot find the path specified)
	at java.base/java.util.ArrayList.forEach(ArrayList.java:1596)
Caused by: java.io.FileNotFoundException: D:\Selenium-Youtube_Workspace\nopCommerceCapstonesrc\test\resources\userrData.xlsx (The system cannot find the path specified)
	at java.base/java.io.FileInputStream.open0(Native Method)
	at java.base/java.io.FileInputStream.open(FileInputStream.java:213)
	at java.base/java.io.FileInputStream.&lt;init&gt;(FileInputStream.java:152)
	at java.base/java.io.FileInputStream.&lt;init&gt;(FileInputStream.java:106)
	at Utilities.ExcelReader.setExcelFile(ExcelReader.java:14)
	at TestCases.RegisterExcel.getRegisterData(RegisterExcel.java:20)
	... 25 more
... Removed 30 stack frames</pre></div><a href='#' onClick='toggleBox("stack-trace1044070859", this, "Click to show all stack frames", "Click to hide stack frames")'>Click to show all stack frames</a>
<div class='stack-trace' id='stack-trace1044070859'><pre>java.lang.RuntimeException: java.io.FileNotFoundException: D:\Selenium-Youtube_Workspace\nopCommerceCapstonesrc\test\resources\userrData.xlsx (The system cannot find the path specified)
	at org.testng.internal.invokers.MethodInvocationHelper.invokeMethodNoCheckedException(MethodInvocationHelper.java:58)
	at org.testng.internal.invokers.MethodInvocationHelper.invokeDataProvider(MethodInvocationHelper.java:159)
	at org.testng.internal.Parameters.handleParameters(Parameters.java:809)
	at org.testng.internal.Parameters.handleParameters(Parameters.java:734)
	at org.testng.internal.invokers.ParameterHandler.handleParameters(ParameterHandler.java:72)
	at org.testng.internal.invokers.ParameterHandler.createParameters(ParameterHandler.java:51)
	at org.testng.internal.invokers.TestInvoker$MethodInvocationAgent.invoke(TestInvoker.java:949)
	at org.testng.internal.invokers.TestInvoker.invokeTestMethods(TestInvoker.java:203)
	at org.testng.internal.invokers.TestMethodWorker.invokeTestMethods(TestMethodWorker.java:154)
	at org.testng.internal.invokers.TestMethodWorker.run(TestMethodWorker.java:134)
	at java.base/java.util.ArrayList.forEach(ArrayList.java:1596)
	at org.testng.TestRunner.privateRun(TestRunner.java:741)
	at org.testng.TestRunner.run(TestRunner.java:616)
	at org.testng.SuiteRunner.runTest(SuiteRunner.java:421)
	at org.testng.SuiteRunner.runSequentially(SuiteRunner.java:413)
	at org.testng.SuiteRunner.privateRun(SuiteRunner.java:373)
	at org.testng.SuiteRunner.run(SuiteRunner.java:312)
	at org.testng.SuiteRunnerWorker.runSuite(SuiteRunnerWorker.java:52)
	at org.testng.SuiteRunnerWorker.run(SuiteRunnerWorker.java:95)
	at org.testng.TestNG.runSuitesSequentially(TestNG.java:1274)
	at org.testng.TestNG.runSuitesLocally(TestNG.java:1208)
	at org.testng.TestNG.runSuites(TestNG.java:1112)
	at org.testng.TestNG.run(TestNG.java:1079)
	at org.testng.remote.AbstractRemoteTestNG.run(AbstractRemoteTestNG.java:115)
	at org.testng.remote.RemoteTestNG.initAndRun(RemoteTestNG.java:293)
	at org.testng.remote.RemoteTestNG.main(RemoteTestNG.java:91)
Caused by: java.io.FileNotFoundException: D:\Selenium-Youtube_Workspace\nopCommerceCapstonesrc\test\resources\userrData.xlsx (The system cannot find the path specified)
	at java.base/java.io.FileInputStream.open0(Native Method)
	at java.base/java.io.FileInputStream.open(FileInputStream.java:213)
	at java.base/java.io.FileInputStream.&lt;init&gt;(FileInputStream.java:152)
	at java.base/java.io.FileInputStream.&lt;init&gt;(FileInputStream.java:106)
	at Utilities.ExcelReader.setExcelFile(ExcelReader.java:14)
	at TestCases.RegisterExcel.getRegisterData(RegisterExcel.java:20)
	at java.base/jdk.internal.reflect.DirectMethodHandleAccessor.invoke(DirectMethodHandleAccessor.java:103)
	at java.base/java.lang.reflect.Method.invoke(Method.java:580)
	at org.testng.internal.invokers.MethodInvocationHelper.invokeMethod(MethodInvocationHelper.java:141)
	at org.testng.internal.invokers.MethodInvocationHelper.invokeMethod(MethodInvocationHelper.java:86)
	at org.testng.internal.invokers.MethodInvocationHelper.invokeMethodNoCheckedException(MethodInvocationHelper.java:54)
	... 25 more
</pre></div></td>
<td>0</td>
<td>TestCases.RegisterExcel@5a7e81</td></tr>
<tr>
<td title='TestCases.CheckoutTest.testCheckoutProcess()'><b>testCheckoutProcess</b><br>Test class: TestCases.CheckoutTest</td>
<td><div><pre>java.lang.AssertionError:  Checkout test failed: Expected condition failed: waiting for element to be clickable: Proxy element for: DefaultElementLocator &apos;By.xpath: //button[@onclick=&apos;if (!window.__cfRLUnblockHandlers) return false; Billing.save()&apos;]&apos; (tried for 10 second(s) with 500 milliseconds interval)
	at TestCases.CheckoutTest.testCheckoutProcess(CheckoutTest.java:76)
	at java.base/java.util.ArrayList.forEach(ArrayList.java:1596)
... Removed 26 stack frames</pre></div><a href='#' onClick='toggleBox("stack-trace495886114", this, "Click to show all stack frames", "Click to hide stack frames")'>Click to show all stack frames</a>
<div class='stack-trace' id='stack-trace495886114'><pre>java.lang.AssertionError:  Checkout test failed: Expected condition failed: waiting for element to be clickable: Proxy element for: DefaultElementLocator &apos;By.xpath: //button[@onclick=&apos;if (!window.__cfRLUnblockHandlers) return false; Billing.save()&apos;]&apos; (tried for 10 second(s) with 500 milliseconds interval)
	at org.testng.Assert.fail(Assert.java:111)
	at TestCases.CheckoutTest.testCheckoutProcess(CheckoutTest.java:76)
	at java.base/jdk.internal.reflect.DirectMethodHandleAccessor.invoke(DirectMethodHandleAccessor.java:103)
	at java.base/java.lang.reflect.Method.invoke(Method.java:580)
	at org.testng.internal.invokers.MethodInvocationHelper.invokeMethod(MethodInvocationHelper.java:141)
	at org.testng.internal.invokers.TestInvoker.invokeMethod(TestInvoker.java:687)
	at org.testng.internal.invokers.TestInvoker.invokeTestMethod(TestInvoker.java:230)
	at org.testng.internal.invokers.MethodRunner.runInSequence(MethodRunner.java:63)
	at org.testng.internal.invokers.TestInvoker$MethodInvocationAgent.invoke(TestInvoker.java:995)
	at org.testng.internal.invokers.TestInvoker.invokeTestMethods(TestInvoker.java:203)
	at org.testng.internal.invokers.TestMethodWorker.invokeTestMethods(TestMethodWorker.java:154)
	at org.testng.internal.invokers.TestMethodWorker.run(TestMethodWorker.java:134)
	at java.base/java.util.ArrayList.forEach(ArrayList.java:1596)
	at org.testng.TestRunner.privateRun(TestRunner.java:741)
	at org.testng.TestRunner.run(TestRunner.java:616)
	at org.testng.SuiteRunner.runTest(SuiteRunner.java:421)
	at org.testng.SuiteRunner.runSequentially(SuiteRunner.java:413)
	at org.testng.SuiteRunner.privateRun(SuiteRunner.java:373)
	at org.testng.SuiteRunner.run(SuiteRunner.java:312)
	at org.testng.SuiteRunnerWorker.runSuite(SuiteRunnerWorker.java:52)
	at org.testng.SuiteRunnerWorker.run(SuiteRunnerWorker.java:95)
	at org.testng.TestNG.runSuitesSequentially(TestNG.java:1274)
	at org.testng.TestNG.runSuitesLocally(TestNG.java:1208)
	at org.testng.TestNG.runSuites(TestNG.java:1112)
	at org.testng.TestNG.run(TestNG.java:1079)
	at org.testng.remote.AbstractRemoteTestNG.run(AbstractRemoteTestNG.java:115)
	at org.testng.remote.RemoteTestNG.initAndRun(RemoteTestNG.java:293)
	at org.testng.remote.RemoteTestNG.main(RemoteTestNG.java:91)
</pre></div></td>
<td>47</td>
<td>TestCases.CheckoutTest@54941dfd</td></tr>
</table><p>
<table width='100%' border='1' class='invocation-passed'>
<tr><td colspan='4' align='center'><b>PASSED TESTS</b></td></tr>
<tr><td><b>Test method</b></td>
<td><b>Attribute(s)</b></td>
<td width="30%"><b>Exception</b></td>
<td width="10%"><b>Time (seconds)</b></td>
<td><b>Instance</b></td>
</tr>
<tr>
<td title='TestCases.SmokeTestAll.validateHomePageURL()'><b>validateHomePageURL</b><br>Test class: TestCases.SmokeTestAll</td>
<td></td>
<td>0</td>
<td>TestCases.SmokeTestAll@6fe1b4fb</td></tr>
<tr>
<td title='TestCases.MyAccountTests.registeredUserCanLogoutAfterPasswordChange()'><b>registeredUserCanLogoutAfterPasswordChange</b><br>Test class: TestCases.MyAccountTests</td>
<td></td>
<td>2</td>
<td>TestCases.MyAccountTests@3220c28</td></tr>
<tr>
<td title='TestCases.SmokeTestAll.validateTopMenuHover()'><b>validateTopMenuHover</b><br>Test class: TestCases.SmokeTestAll</td>
<td></td>
<td>1</td>
<td>TestCases.SmokeTestAll@6fe1b4fb</td></tr>
<tr>
<td title='TestCases.MyAccountTests.registeredUserCanLogin()'><b>registeredUserCanLogin</b><br>Test class: TestCases.MyAccountTests</td>
<td></td>
<td>2</td>
<td>TestCases.MyAccountTests@3220c28</td></tr>
<tr>
<td title='TestCases.wishListTest.searchAboutProduct()'><b>searchAboutProduct</b><br>Test class: TestCases.wishListTest</td>
<td></td>
<td>2</td>
<td>TestCases.wishListTest@cf984d9</td></tr>
<tr>
<td title='TestCases.MyAccountTests.registeredUserCanLogout()'><b>registeredUserCanLogout</b><br>Test class: TestCases.MyAccountTests</td>
<td></td>
<td>1</td>
<td>TestCases.MyAccountTests@3220c28</td></tr>
<tr>
<td title='TestCases.CartTest.userCanUpdateProductQuantity()'><b>userCanUpdateProductQuantity</b><br>Test class: TestCases.CartTest</td>
<td></td>
<td>11</td>
<td>TestCases.CartTest@1fa98a22</td></tr>
<tr>
<td title='TestCases.MyAccountTests.validRegistration()'><b>validRegistration</b><br>Test class: TestCases.MyAccountTests</td>
<td></td>
<td>7</td>
<td>TestCases.MyAccountTests@3220c28</td></tr>
<tr>
<td title='TestCases.Register.RegisteredUserCanLogout()'><b>RegisteredUserCanLogout</b><br>Test class: TestCases.Register</td>
<td></td>
<td>2</td>
<td>TestCases.Register@3408f695</td></tr>
<tr>
<td title='TestCases.SmokeTestAll.validateRegisterButtonClickable()'><b>validateRegisterButtonClickable</b><br>Test class: TestCases.SmokeTestAll</td>
<td></td>
<td>1</td>
<td>TestCases.SmokeTestAll@6fe1b4fb</td></tr>
<tr>
<td title='TestCases.RegisterDataProvider.ValidRegistration()'><b>ValidRegistration</b><br>Test class: TestCases.RegisterDataProvider<br>Parameters: Sri, Sra, praveenburri@gmail.com, 1987665</td>
<td></td>
<td>23</td>
<td>TestCases.RegisterDataProvider@2b6a0ea9</td></tr>
<tr>
<td title='TestCases.SearchByAutoSuggest.userCanSearchWithAutoSuggest()'><b>userCanSearchWithAutoSuggest</b><br>Test class: TestCases.SearchByAutoSuggest</td>
<td></td>
<td>4</td>
<td>TestCases.SearchByAutoSuggest@40c28b0d</td></tr>
<tr>
<td title='TestCases.CartTest.userCanRemoveProductFromCart()'><b>userCanRemoveProductFromCart</b><br>Test class: TestCases.CartTest</td>
<td></td>
<td>0</td>
<td>TestCases.CartTest@1fa98a22</td></tr>
<tr>
<td title='TestCases.MyAccountTests.loggedInUserCanChangePassword()'><b>loggedInUserCanChangePassword</b><br>Test class: TestCases.MyAccountTests</td>
<td></td>
<td>3</td>
<td>TestCases.MyAccountTests@3220c28</td></tr>
<tr>
<td title='TestCases.CartTest.userCanAddProductToCart()'><b>userCanAddProductToCart</b><br>Test class: TestCases.CartTest</td>
<td></td>
<td>1</td>
<td>TestCases.CartTest@1fa98a22</td></tr>
<tr>
<td title='TestCases.SmokeTestAll.validateLogoDisplayed()'><b>validateLogoDisplayed</b><br>Test class: TestCases.SmokeTestAll</td>
<td></td>
<td>0</td>
<td>TestCases.SmokeTestAll@6fe1b4fb</td></tr>
<tr>
<td title='TestCases.SmokeTestAll.validateScrollToContactUs()'><b>validateScrollToContactUs</b><br>Test class: TestCases.SmokeTestAll</td>
<td></td>
<td>0</td>
<td>TestCases.SmokeTestAll@6fe1b4fb</td></tr>
<tr>
<td title='TestCases.SmokeTestAll.validateCurrencyDropdown()'><b>validateCurrencyDropdown</b><br>Test class: TestCases.SmokeTestAll</td>
<td></td>
<td>1</td>
<td>TestCases.SmokeTestAll@6fe1b4fb</td></tr>
<tr>
<td title='TestCases.SmokeTestAll.validateCartIconClickable()'><b>validateCartIconClickable</b><br>Test class: TestCases.SmokeTestAll</td>
<td></td>
<td>0</td>
<td>TestCases.SmokeTestAll@6fe1b4fb</td></tr>
<tr>
<td title='TestCases.wishListTest.userCanAddProductToWishList()'><b>userCanAddProductToWishList</b><br>Test class: TestCases.wishListTest</td>
<td></td>
<td>0</td>
<td>TestCases.wishListTest@cf984d9</td></tr>
<tr>
<td title='TestCases.SearchByAutoSuggest.searchWithAutoSuggest()'><b>searchWithAutoSuggest</b><br>Test class: TestCases.SearchByAutoSuggest</td>
<td></td>
<td>4</td>
<td>TestCases.SearchByAutoSuggest@40c28b0d</td></tr>
<tr>
<td title='TestCases.MyAccountTests.userCanLoginWithNewPassword()'><b>userCanLoginWithNewPassword</b><br>Test class: TestCases.MyAccountTests</td>
<td></td>
<td>2</td>
<td>TestCases.MyAccountTests@3220c28</td></tr>
<tr>
<td title='TestCases.CartTest.userCanSearchAndOpenProduct()'><b>userCanSearchAndOpenProduct</b><br>Test class: TestCases.CartTest</td>
<td></td>
<td>2</td>
<td>TestCases.CartTest@1fa98a22</td></tr>
<tr>
<td title='TestCases.Register.RegisteredUserCanLogin()'><b>RegisteredUserCanLogin</b><br>Test class: TestCases.Register</td>
<td></td>
<td>2</td>
<td>TestCases.Register@3408f695</td></tr>
<tr>
<td title='TestCases.SearchTest.searchAboutProduct()'><b>searchAboutProduct</b><br>Test class: TestCases.SearchTest</td>
<td></td>
<td>2</td>
<td>TestCases.SearchTest@6ae42248</td></tr>
<tr>
<td title='TestCases.SmokeTestAll.validateHomePageLoaded()'><b>validateHomePageLoaded</b><br>Test class: TestCases.SmokeTestAll</td>
<td></td>
<td>0</td>
<td>TestCases.SmokeTestAll@6fe1b4fb</td></tr>
<tr>
<td title='TestCases.SmokeTestAll.validateHomePageTitle()'><b>validateHomePageTitle</b><br>Test class: TestCases.SmokeTestAll</td>
<td></td>
<td>0</td>
<td>TestCases.SmokeTestAll@6fe1b4fb</td></tr>
<tr>
<td title='TestCases.RegisterDataProvider.RegisteredUserCanLogin()'><b>RegisteredUserCanLogin</b><br>Test class: TestCases.RegisterDataProvider<br>Parameters: praveenburri@gmail.com, 1987665</td>
<td></td>
<td>12</td>
<td>TestCases.RegisterDataProvider@2b6a0ea9</td></tr>
<tr>
<td title='TestCases.Register.ValidRegistration()'><b>ValidRegistration</b><br>Test class: TestCases.Register</td>
<td></td>
<td>5</td>
<td>TestCases.Register@3408f695</td></tr>
<tr>
<td title='TestCases.RegisterDataProvider.RegisteredUserCanLogout()'><b>RegisteredUserCanLogout</b><br>Test class: TestCases.RegisterDataProvider</td>
<td></td>
<td>20</td>
<td>TestCases.RegisterDataProvider@2b6a0ea9</td></tr>
<tr>
<td title='TestCases.SmokeTestAll.validateLoginButtonClickable()'><b>validateLoginButtonClickable</b><br>Test class: TestCases.SmokeTestAll</td>
<td></td>
<td>1</td>
<td>TestCases.SmokeTestAll@6fe1b4fb</td></tr>
<tr>
<td title='TestCases.SearchTest.userCanSearch()'><b>userCanSearch</b><br>Test class: TestCases.SearchTest</td>
<td></td>
<td>1</td>
<td>TestCases.SearchTest@6ae42248</td></tr>
<tr>
<td title='TestCases.MyAccountTests.closeNotificationBar()'><b>closeNotificationBar</b><br>Test class: TestCases.MyAccountTests</td>
<td></td>
<td>0</td>
<td>TestCases.MyAccountTests@3220c28</td></tr>
<tr>
<td title='TestCases.wishListTest.userCanRemoveProductFromWishList()'><b>userCanRemoveProductFromWishList</b><br>Test class: TestCases.wishListTest</td>
<td></td>
<td>0</td>
<td>TestCases.wishListTest@cf984d9</td></tr>
</table><p>
</body>
</html>