<?xml version="1.0" encoding="UTF-8"?>
<!-- Generated by org.testng.reporters.JUnitXMLReporter -->
<testsuite ignored="0" hostname="BSRPN" failures="3" tests="35" name="RegisterTest" time="209.2" errors="0" timestamp="2025-09-08T16:59:35 IST">
  <testcase classname="TestCases.SmokeTestAll" name="validateHomePageLoaded" time="0.302"/>
  <testcase classname="TestCases.SmokeTestAll" name="validateHomePageTitle" time="0.043"/>
  <testcase classname="TestCases.SmokeTestAll" name="validateHomePageURL" time="0.007"/>
  <testcase classname="TestCases.SmokeTestAll" name="validateLogoDisplayed" time="0.03"/>
  <testcase classname="TestCases.SmokeTestAll" name="validateRegisterButtonClickable" time="1.004"/>
  <testcase classname="TestCases.SmokeTestAll" name="validateLoginButtonClickable" time="0.984"/>
  <testcase classname="TestCases.SmokeTestAll" name="validateScrollToContactUs" time="0.15"/>
  <testcase classname="TestCases.SmokeTestAll" name="validateTopMenuHover" time="1.211"/>
  <testcase classname="TestCases.SmokeTestAll" name="validateCurrencyDropdown" time="1.792"/>
  <testcase classname="TestCases.SmokeTestAll" name="validateCartIconClickable" time="0.083"/>
  <testcase classname="TestCases.Register" name="ValidRegistration" time="2.374"/>
  <testcase classname="TestCases.Register" name="RegisteredUserCanLogout" time="1.016"/>
  <testcase classname="TestCases.Register" name="RegisteredUserCanLogin" time="1.672"/>
  <testcase classname="TestCases.RegisterDataProvider" name="ValidRegistration" time="23.186"/>
  <testcase classname="TestCases.RegisterDataProvider" name="RegisteredUserCanLogout" time="20.151"/>
  <testcase classname="TestCases.RegisterDataProvider" name="RegisteredUserCanLogin" time="22.604">
    <failure type="java.lang.AssertionError" message="Logout link is not displayed after login! expected [true] but found [false]">
      <![CDATA[java.lang.AssertionError: Logout link is not displayed after login! expected [true] but found [false]
at TestCases.RegisterDataProvider.RegisteredUserCanLogin(RegisterDataProvider.java:79)
at java.base/java.util.ArrayList.forEach(ArrayList.java:1596)
... Removed 28 stack frames]]>
    </failure>
  </testcase> <!-- RegisteredUserCanLogin -->
  <testcase classname="TestCases.MyAccountTests" name="validRegistration" time="5.361"/>
  <testcase classname="TestCases.MyAccountTests" name="registeredUserCanLogout" time="1.195"/>
  <testcase classname="TestCases.MyAccountTests" name="registeredUserCanLogin" time="2.691"/>
  <testcase classname="TestCases.MyAccountTests" name="loggedInUserCanChangePassword" time="2.75"/>
  <testcase classname="TestCases.MyAccountTests" name="closeNotificationBar" time="0.239"/>
  <testcase classname="TestCases.MyAccountTests" name="registeredUserCanLogoutAfterPasswordChange" time="2.133"/>
  <testcase classname="TestCases.MyAccountTests" name="userCanLoginWithNewPassword" time="2.209"/>
  <testcase classname="TestCases.SearchTest" name="searchAboutProduct" time="2.64"/>
  <testcase classname="TestCases.SearchTest" name="userCanSearch" time="1.822"/>
  <testcase classname="TestCases.SearchByAutoSuggest" name="searchWithAutoSuggest" time="2.584"/>
  <testcase classname="TestCases.SearchByAutoSuggest" name="userCanSearchWithAutoSuggest" time="6.683"/>
  <testcase classname="TestCases.wishListTest" name="searchAboutProduct" time="2.985"/>
  <testcase classname="TestCases.wishListTest" name="userCanAddProductToWishList" time="0.903"/>
  <testcase classname="TestCases.wishListTest" name="userCanRemoveProductFromWishList" time="0.759"/>
  <testcase classname="TestCases.CartTest" name="userCanSearchAndOpenProduct" time="2.613"/>
  <testcase classname="TestCases.CartTest" name="userCanAddProductToCart" time="1.536"/>
  <testcase classname="TestCases.CartTest" name="userCanUpdateProductQuantity" time="1.505">
    <failure type="org.openqa.selenium.StaleElementReferenceException" message="stale element reference: stale element not found
  (Session info: chrome=140.0.7339.80)
For documentation on this error, please visit: https://www.selenium.dev/documentation/webdriver/troubleshooting/errors#stale-element-reference-exception
Build info: version: &amp;apos;4.34.0&amp;apos;, revision: &amp;apos;707dcb4246*&amp;apos;
System info: os.name: &amp;apos;Windows 11&amp;apos;, os.arch: &amp;apos;amd64&amp;apos;, os.version: &amp;apos;10.0&amp;apos;, java.version: &amp;apos;21.0.5&amp;apos;
Driver info: org.openqa.selenium.chrome.ChromeDriver
Command: [0fa7458475a620a5fc999b88056240bc, executeScript {args=[{element-6066-11e4-a52e-4f735466cecf=f.D03346D1FA69524D58B3D75376419B09.d.9EB0334C419B3C44D80837DECC822101.e.123}], script=arguments[0].click();}]
Capabilities {acceptInsecureCerts: false, browserName: chrome, browserVersion: 140.0.7339.80, chrome: {chromedriverVersion: 140.0.7339.80 (670b6f192f46..., userDataDir: C:\Users\SRIRAM~1\AppData\L...}, fedcm:accounts: true, goog:chromeOptions: {debuggerAddress: localhost:64188}, networkConnectionEnabled: false, pageLoadStrategy: normal, platformName: windows, proxy: Proxy(), se:cdp: ws://localhost:64188/devtoo..., se:cdpVersion: 140.0.7339.80, setWindowRect: true, strictFileInteractability: false, timeouts: {implicit: 0, pageLoad: 300000, script: 30000}, unhandledPromptBehavior: dismiss and notify, webauthn:extension:credBlob: true, webauthn:extension:largeBlob: true, webauthn:extension:minPinLength: true, webauthn:extension:prf: true, webauthn:virtualAuthenticators: true}
Session ID: 0fa7458475a620a5fc999b88056240bc">
      <![CDATA[org.openqa.selenium.StaleElementReferenceException: stale element reference: stale element not found
  (Session info: chrome=140.0.7339.80)
For documentation on this error, please visit: https://www.selenium.dev/documentation/webdriver/troubleshooting/errors#stale-element-reference-exception
Build info: version: '4.34.0', revision: '707dcb4246*'
System info: os.name: 'Windows 11', os.arch: 'amd64', os.version: '10.0', java.version: '21.0.5'
Driver info: org.openqa.selenium.chrome.ChromeDriver
Command: [0fa7458475a620a5fc999b88056240bc, executeScript {args=[{element-6066-11e4-a52e-4f735466cecf=f.D03346D1FA69524D58B3D75376419B09.d.9EB0334C419B3C44D80837DECC822101.e.123}], script=arguments[0].click();}]
Capabilities {acceptInsecureCerts: false, browserName: chrome, browserVersion: 140.0.7339.80, chrome: {chromedriverVersion: 140.0.7339.80 (670b6f192f46..., userDataDir: C:\Users\SRIRAM~1\AppData\L...}, fedcm:accounts: true, goog:chromeOptions: {debuggerAddress: localhost:64188}, networkConnectionEnabled: false, pageLoadStrategy: normal, platformName: windows, proxy: Proxy(), se:cdp: ws://localhost:64188/devtoo..., se:cdpVersion: 140.0.7339.80, setWindowRect: true, strictFileInteractability: false, timeouts: {implicit: 0, pageLoad: 300000, script: 30000}, unhandledPromptBehavior: dismiss and notify, webauthn:extension:credBlob: true, webauthn:extension:largeBlob: true, webauthn:extension:minPinLength: true, webauthn:extension:prf: true, webauthn:virtualAuthenticators: true}
Session ID: 0fa7458475a620a5fc999b88056240bc
at org.openqa.selenium.remote.ErrorCodec.decode(ErrorCodec.java:167)
at org.openqa.selenium.remote.codec.w3c.W3CHttpResponseCodec.decode(W3CHttpResponseCodec.java:138)
at org.openqa.selenium.remote.codec.w3c.W3CHttpResponseCodec.decode(W3CHttpResponseCodec.java:50)
at org.openqa.selenium.remote.HttpCommandExecutor.execute(HttpCommandExecutor.java:215)
at org.openqa.selenium.remote.service.DriverCommandExecutor.invokeExecute(DriverCommandExecutor.java:216)
at org.openqa.selenium.remote.service.DriverCommandExecutor.execute(DriverCommandExecutor.java:174)
at org.openqa.selenium.remote.RemoteWebDriver.execute(RemoteWebDriver.java:544)
at org.openqa.selenium.remote.RemoteWebDriver.executeScript(RemoteWebDriver.java:475)
at pageObjects.CartPage.updateProductQuantityCart(CartPage.java:102)
at TestCases.CartTest.userCanUpdateProductQuantity(CartTest.java:51)
at java.base/java.util.ArrayList.forEach(ArrayList.java:1596)
... Removed 28 stack frames]]>
    </failure>
  </testcase> <!-- userCanUpdateProductQuantity -->
  <testcase classname="TestCases.CartTest" name="userCanRemoveProductFromCart" time="0.892"/>
  <testcase classname="TestCases.CheckoutTest" name="testCheckoutProcess" time="52.898">
    <failure type="java.lang.AssertionError" message="❌ Checkout test failed: Expected condition failed: waiting for element to be clickable: Proxy element for: DefaultElementLocator &amp;apos;By.xpath: //button[@onclick=&amp;apos;if (!window.__cfRLUnblockHandlers) return false; Billing.save()&amp;apos;]&amp;apos; (tried for 10 second(s) with 500 milliseconds interval)">
      <![CDATA[java.lang.AssertionError: ❌ Checkout test failed: Expected condition failed: waiting for element to be clickable: Proxy element for: DefaultElementLocator 'By.xpath: //button[@onclick='if (!window.__cfRLUnblockHandlers) return false; Billing.save()']' (tried for 10 second(s) with 500 milliseconds interval)
at TestCases.CheckoutTest.testCheckoutProcess(CheckoutTest.java:84)
at java.base/java.util.ArrayList.forEach(ArrayList.java:1596)
... Removed 26 stack frames]]>
    </failure>
  </testcase> <!-- testCheckoutProcess -->
</testsuite> <!-- RegisterTest -->
