<?xml version="1.0" encoding="UTF-8"?>
<testng-results ignored="0" total="39" passed="32" failed="7" skipped="0">
  <reporter-output>
  </reporter-output>
  <suite started-at="2025-09-08T21:05:29 IST" name="Default suite" finished-at="2025-09-08T21:09:27 IST" duration-ms="238064">
    <groups>
    </groups>
    <test started-at="2025-09-08T21:05:29 IST" name="Default test" finished-at="2025-09-08T21:09:27 IST" duration-ms="238064">
      <class name="TestCases.MyAccountTests">
        <test-method is-config="true" signature="setUp(java.lang.String)[pri:0, instance:TestCases.MyAccountTests@420cd102]" started-at="2025-09-08T21:05:29 IST" name="setUp" finished-at="2025-09-08T21:05:41 IST" duration-ms="12156" status="PASS">
          <params>
            <param index="0">
              <value>
                <![CDATA[chrome]]>
              </value>
            </param>
          </params>
          <reporter-output>
          </reporter-output>
        </test-method> <!-- setUp -->
        <test-method signature="validRegistration()[pri:1, instance:TestCases.MyAccountTests@420cd102]" started-at="2025-09-08T21:05:41 IST" name="validRegistration" finished-at="2025-09-08T21:05:44 IST" duration-ms="3190" status="PASS">
          <reporter-output>
          </reporter-output>
        </test-method> <!-- validRegistration -->
        <test-method signature="registeredUserCanLogout()[pri:2, instance:TestCases.MyAccountTests@420cd102]" started-at="2025-09-08T21:05:44 IST" name="registeredUserCanLogout" finished-at="2025-09-08T21:05:45 IST" depends-on-methods="TestCases.MyAccountTests.validRegistration" duration-ms="882" status="PASS">
          <reporter-output>
          </reporter-output>
        </test-method> <!-- registeredUserCanLogout -->
        <test-method signature="registeredUserCanLogin()[pri:3, instance:TestCases.MyAccountTests@420cd102]" started-at="2025-09-08T21:05:45 IST" name="registeredUserCanLogin" finished-at="2025-09-08T21:05:50 IST" depends-on-methods="TestCases.MyAccountTests.registeredUserCanLogout" duration-ms="5038" status="PASS">
          <reporter-output>
          </reporter-output>
        </test-method> <!-- registeredUserCanLogin -->
        <test-method signature="loggedInUserCanChangePassword()[pri:4, instance:TestCases.MyAccountTests@420cd102]" started-at="2025-09-08T21:05:50 IST" name="loggedInUserCanChangePassword" finished-at="2025-09-08T21:05:53 IST" depends-on-methods="TestCases.MyAccountTests.registeredUserCanLogin" duration-ms="2665" status="PASS">
          <reporter-output>
          </reporter-output>
        </test-method> <!-- loggedInUserCanChangePassword -->
        <test-method signature="closeNotificationBar()[pri:5, instance:TestCases.MyAccountTests@420cd102]" started-at="2025-09-08T21:05:53 IST" name="closeNotificationBar" finished-at="2025-09-08T21:05:53 IST" depends-on-methods="TestCases.MyAccountTests.loggedInUserCanChangePassword" duration-ms="200" status="PASS">
          <reporter-output>
          </reporter-output>
        </test-method> <!-- closeNotificationBar -->
        <test-method signature="registeredUserCanLogoutAfterPasswordChange()[pri:6, instance:TestCases.MyAccountTests@420cd102]" started-at="2025-09-08T21:05:53 IST" name="registeredUserCanLogoutAfterPasswordChange" finished-at="2025-09-08T21:05:56 IST" duration-ms="2955" status="PASS">
          <reporter-output>
          </reporter-output>
        </test-method> <!-- registeredUserCanLogoutAfterPasswordChange -->
        <test-method signature="userCanLoginWithNewPassword()[pri:7, instance:TestCases.MyAccountTests@420cd102]" started-at="2025-09-08T21:05:56 IST" name="userCanLoginWithNewPassword" finished-at="2025-09-08T21:05:58 IST" duration-ms="1972" status="PASS">
          <reporter-output>
          </reporter-output>
        </test-method> <!-- userCanLoginWithNewPassword -->
        <test-method is-config="true" signature="tearDown()[pri:0, instance:TestCases.MyAccountTests@420cd102]" started-at="2025-09-08T21:05:58 IST" name="tearDown" finished-at="2025-09-08T21:05:58 IST" duration-ms="209" status="PASS">
          <reporter-output>
          </reporter-output>
        </test-method> <!-- tearDown -->
      </class> <!-- TestCases.MyAccountTests -->
      <class name="TestCases.SearchTest">
        <test-method is-config="true" signature="setUp(java.lang.String)[pri:0, instance:TestCases.SearchTest@17043b04]" started-at="2025-09-08T21:05:58 IST" name="setUp" finished-at="2025-09-08T21:06:02 IST" duration-ms="3338" status="PASS">
          <params>
            <param index="0">
              <value>
                <![CDATA[chrome]]>
              </value>
            </param>
          </params>
          <reporter-output>
          </reporter-output>
        </test-method> <!-- setUp -->
        <test-method signature="searchAboutProduct()[pri:0, instance:TestCases.SearchTest@17043b04]" started-at="2025-09-08T21:06:02 IST" name="searchAboutProduct" finished-at="2025-09-08T21:06:04 IST" duration-ms="1832" status="PASS">
          <reporter-output>
          </reporter-output>
        </test-method> <!-- searchAboutProduct -->
        <test-method signature="userCanSearch()[pri:1, instance:TestCases.SearchTest@17043b04]" started-at="2025-09-08T21:06:04 IST" name="userCanSearch" finished-at="2025-09-08T21:06:05 IST" duration-ms="1365" status="PASS">
          <reporter-output>
          </reporter-output>
        </test-method> <!-- userCanSearch -->
        <test-method is-config="true" signature="tearDown()[pri:0, instance:TestCases.SearchTest@17043b04]" started-at="2025-09-08T21:06:05 IST" name="tearDown" finished-at="2025-09-08T21:06:05 IST" duration-ms="209" status="PASS">
          <reporter-output>
          </reporter-output>
        </test-method> <!-- tearDown -->
      </class> <!-- TestCases.SearchTest -->
      <class name="TestCases.RegisterExcel">
        <test-method is-config="true" signature="setUp(java.lang.String)[pri:0, instance:TestCases.RegisterExcel@7ba93755]" started-at="2025-09-08T21:08:15 IST" name="setUp" finished-at="2025-09-08T21:08:18 IST" duration-ms="3128" status="PASS">
          <params>
            <param index="0">
              <value>
                <![CDATA[chrome]]>
              </value>
            </param>
          </params>
          <reporter-output>
          </reporter-output>
        </test-method> <!-- setUp -->
        <test-method signature="testUserRegistration(java.lang.String,java.lang.String,java.lang.String,java.lang.String)[pri:0, instance:TestCases.RegisterExcel@7ba93755]" started-at="2025-09-08T21:08:18 IST" name="testUserRegistration" data-provider="registerData" finished-at="2025-09-08T21:08:18 IST" duration-ms="0" status="FAIL">
          <exception class="java.lang.RuntimeException">
            <message>
              <![CDATA[java.io.FileNotFoundException: D:\Selenium-Youtube_Workspace\nopCommerceCapstonesrc\test\resources\userrData.xlsx (The system cannot find the path specified)]]>
            </message>
            <full-stacktrace>
              <![CDATA[java.lang.RuntimeException: java.io.FileNotFoundException: D:\Selenium-Youtube_Workspace\nopCommerceCapstonesrc\test\resources\userrData.xlsx (The system cannot find the path specified)
at org.testng.internal.invokers.MethodInvocationHelper.invokeMethodNoCheckedException(MethodInvocationHelper.java:57)
at org.testng.internal.invokers.MethodInvocationHelper.invokeDataProvider(MethodInvocationHelper.java:157)
at org.testng.internal.Parameters.handleParameters(Parameters.java:812)
at org.testng.internal.Parameters.handleParameters(Parameters.java:737)
at org.testng.internal.invokers.ParameterHandler.handleParameters(ParameterHandler.java:72)
at org.testng.internal.invokers.ParameterHandler.createParameters(ParameterHandler.java:51)
at org.testng.internal.invokers.TestInvoker$MethodInvocationAgent.invoke(TestInvoker.java:915)
at org.testng.internal.invokers.TestInvoker.invokeTestMethods(TestInvoker.java:201)
at org.testng.internal.invokers.TestMethodWorker.invokeTestMethods(TestMethodWorker.java:148)
at org.testng.internal.invokers.TestMethodWorker.run(TestMethodWorker.java:128)
at java.base/java.util.ArrayList.forEach(ArrayList.java:1596)
at org.testng.TestRunner.privateRun(TestRunner.java:819)
at org.testng.TestRunner.run(TestRunner.java:619)
at org.testng.SuiteRunner.runTest(SuiteRunner.java:443)
at org.testng.SuiteRunner.runSequentially(SuiteRunner.java:437)
at org.testng.SuiteRunner.privateRun(SuiteRunner.java:397)
at org.testng.SuiteRunner.run(SuiteRunner.java:336)
at org.testng.SuiteRunnerWorker.runSuite(SuiteRunnerWorker.java:52)
at org.testng.SuiteRunnerWorker.run(SuiteRunnerWorker.java:95)
at org.testng.TestNG.runSuitesSequentially(TestNG.java:1301)
at org.testng.TestNG.runSuitesLocally(TestNG.java:1228)
at org.testng.TestNG.runSuites(TestNG.java:1134)
at org.testng.TestNG.run(TestNG.java:1101)
at org.testng.remote.AbstractRemoteTestNG.run(AbstractRemoteTestNG.java:115)
at org.testng.remote.RemoteTestNG.initAndRun(RemoteTestNG.java:293)
at org.testng.remote.RemoteTestNG.main(RemoteTestNG.java:91)
Caused by: java.io.FileNotFoundException: D:\Selenium-Youtube_Workspace\nopCommerceCapstonesrc\test\resources\userrData.xlsx (The system cannot find the path specified)
at java.base/java.io.FileInputStream.open0(Native Method)
at java.base/java.io.FileInputStream.open(FileInputStream.java:213)
at java.base/java.io.FileInputStream.<init>(FileInputStream.java:152)
at java.base/java.io.FileInputStream.<init>(FileInputStream.java:106)
at utils.ExcelReader.setExcelFile(ExcelReader.java:14)
at TestCases.RegisterExcel.getRegisterData(RegisterExcel.java:20)
at java.base/jdk.internal.reflect.DirectMethodHandleAccessor.invoke(DirectMethodHandleAccessor.java:103)
at java.base/java.lang.reflect.Method.invoke(Method.java:580)
at org.testng.internal.invokers.MethodInvocationHelper.invokeMethod(MethodInvocationHelper.java:139)
at org.testng.internal.invokers.MethodInvocationHelper.invokeMethod(MethodInvocationHelper.java:84)
at org.testng.internal.invokers.MethodInvocationHelper.invokeMethodNoCheckedException(MethodInvocationHelper.java:53)
... 25 more
]]>
            </full-stacktrace>
          </exception> <!-- java.lang.RuntimeException -->
          <reporter-output>
          </reporter-output>
        </test-method> <!-- testUserRegistration -->
        <test-method is-config="true" signature="tearDown()[pri:0, instance:TestCases.RegisterExcel@7ba93755]" started-at="2025-09-08T21:08:18 IST" name="tearDown" finished-at="2025-09-08T21:08:19 IST" duration-ms="170" status="PASS">
          <reporter-output>
          </reporter-output>
        </test-method> <!-- tearDown -->
      </class> <!-- TestCases.RegisterExcel -->
      <class name="TestCases.wishListTest">
        <test-method is-config="true" signature="setUp(java.lang.String)[pri:0, instance:TestCases.wishListTest@7a687d8d]" started-at="2025-09-08T21:07:14 IST" name="setUp" finished-at="2025-09-08T21:07:17 IST" duration-ms="3171" status="PASS">
          <params>
            <param index="0">
              <value>
                <![CDATA[chrome]]>
              </value>
            </param>
          </params>
          <reporter-output>
          </reporter-output>
        </test-method> <!-- setUp -->
        <test-method signature="searchAboutProduct()[pri:1, instance:TestCases.wishListTest@7a687d8d]" started-at="2025-09-08T21:07:17 IST" name="searchAboutProduct" finished-at="2025-09-08T21:07:19 IST" duration-ms="1885" status="PASS">
          <reporter-output>
          </reporter-output>
        </test-method> <!-- searchAboutProduct -->
        <test-method signature="userCanAddProductToWishList()[pri:2, instance:TestCases.wishListTest@7a687d8d]" started-at="2025-09-08T21:07:19 IST" name="userCanAddProductToWishList" finished-at="2025-09-08T21:07:20 IST" duration-ms="510" status="PASS">
          <reporter-output>
          </reporter-output>
        </test-method> <!-- userCanAddProductToWishList -->
        <test-method signature="userCanRemoveProductFromWishList()[pri:3, instance:TestCases.wishListTest@7a687d8d]" started-at="2025-09-08T21:07:20 IST" name="userCanRemoveProductFromWishList" finished-at="2025-09-08T21:07:40 IST" duration-ms="20115" status="FAIL">
          <exception class="org.openqa.selenium.TimeoutException">
            <message>
              <![CDATA[Expected condition failed: waiting for element to be clickable: Proxy element for: DefaultElementLocator 'By.cssSelector: button.remove-btn' (tried for 10 second(s) with 500 milliseconds interval)]]>
            </message>
            <full-stacktrace>
              <![CDATA[org.openqa.selenium.TimeoutException: Expected condition failed: waiting for element to be clickable: Proxy element for: DefaultElementLocator 'By.cssSelector: button.remove-btn' (tried for 10 second(s) with 500 milliseconds interval)
at org.openqa.selenium.support.ui.WebDriverWait.timeoutException(WebDriverWait.java:84)
at org.openqa.selenium.support.ui.FluentWait.until(FluentWait.java:228)
at pageObjects.Wishlist.removeProductFromWishList(Wishlist.java:25)
at TestCases.wishListTest.userCanRemoveProductFromWishList(wishListTest.java:49)
at java.base/jdk.internal.reflect.DirectMethodHandleAccessor.invoke(DirectMethodHandleAccessor.java:103)
at java.base/java.lang.reflect.Method.invoke(Method.java:580)
at org.testng.internal.invokers.MethodInvocationHelper.invokeMethod(MethodInvocationHelper.java:139)
at org.testng.internal.invokers.TestInvoker.invokeMethod(TestInvoker.java:664)
at org.testng.internal.invokers.TestInvoker.invokeTestMethod(TestInvoker.java:228)
at org.testng.internal.invokers.MethodRunner.runInSequence(MethodRunner.java:63)
at org.testng.internal.invokers.TestInvoker$MethodInvocationAgent.invoke(TestInvoker.java:961)
at org.testng.internal.invokers.TestInvoker.invokeTestMethods(TestInvoker.java:201)
at org.testng.internal.invokers.TestMethodWorker.invokeTestMethods(TestMethodWorker.java:148)
at org.testng.internal.invokers.TestMethodWorker.run(TestMethodWorker.java:128)
at java.base/java.util.ArrayList.forEach(ArrayList.java:1596)
at org.testng.TestRunner.privateRun(TestRunner.java:819)
at org.testng.TestRunner.run(TestRunner.java:619)
at org.testng.SuiteRunner.runTest(SuiteRunner.java:443)
at org.testng.SuiteRunner.runSequentially(SuiteRunner.java:437)
at org.testng.SuiteRunner.privateRun(SuiteRunner.java:397)
at org.testng.SuiteRunner.run(SuiteRunner.java:336)
at org.testng.SuiteRunnerWorker.runSuite(SuiteRunnerWorker.java:52)
at org.testng.SuiteRunnerWorker.run(SuiteRunnerWorker.java:95)
at org.testng.TestNG.runSuitesSequentially(TestNG.java:1301)
at org.testng.TestNG.runSuitesLocally(TestNG.java:1228)
at org.testng.TestNG.runSuites(TestNG.java:1134)
at org.testng.TestNG.run(TestNG.java:1101)
at org.testng.remote.AbstractRemoteTestNG.run(AbstractRemoteTestNG.java:115)
at org.testng.remote.RemoteTestNG.initAndRun(RemoteTestNG.java:293)
at org.testng.remote.RemoteTestNG.main(RemoteTestNG.java:91)
Caused by: org.openqa.selenium.NoSuchElementException: no such element: Unable to locate element: {"method":"css selector","selector":"button.remove-btn"}
  (Session info: chrome=140.0.7339.80)
For documentation on this error, please visit: https://www.selenium.dev/documentation/webdriver/troubleshooting/errors#no-such-element-exception
Build info: version: '4.24.0', revision: '748ffc9bc3'
System info: os.name: 'Windows 11', os.arch: 'amd64', os.version: '10.0', java.version: '21.0.5'
Driver info: org.openqa.selenium.chrome.ChromeDriver
Command: [7305c6e1b449d70c06ab8168bdd2b079, findElement {using=css selector, value=button.remove-btn}]
Capabilities {acceptInsecureCerts: false, browserName: chrome, browserVersion: 140.0.7339.80, chrome: {chromedriverVersion: 140.0.7339.80 (670b6f192f46..., userDataDir: C:\Users\SRIRAM~1\AppData\L...}, fedcm:accounts: true, goog:chromeOptions: {debuggerAddress: localhost:63354}, networkConnectionEnabled: false, pageLoadStrategy: normal, platformName: windows, proxy: Proxy(), se:cdp: ws://localhost:63354/devtoo..., se:cdpVersion: 140.0.7339.80, setWindowRect: true, strictFileInteractability: false, timeouts: {implicit: 0, pageLoad: 300000, script: 30000}, unhandledPromptBehavior: dismiss and notify, webauthn:extension:credBlob: true, webauthn:extension:largeBlob: true, webauthn:extension:minPinLength: true, webauthn:extension:prf: true, webauthn:virtualAuthenticators: true}
Session ID: 7305c6e1b449d70c06ab8168bdd2b079
at java.base/jdk.internal.reflect.DirectConstructorHandleAccessor.newInstance(DirectConstructorHandleAccessor.java:62)
at java.base/java.lang.reflect.Constructor.newInstanceWithCaller(Constructor.java:502)
at java.base/java.lang.reflect.Constructor.newInstance(Constructor.java:486)
at org.openqa.selenium.remote.ErrorCodec.decode(ErrorCodec.java:167)
at org.openqa.selenium.remote.codec.w3c.W3CHttpResponseCodec.decode(W3CHttpResponseCodec.java:138)
at org.openqa.selenium.remote.codec.w3c.W3CHttpResponseCodec.decode(W3CHttpResponseCodec.java:50)
at org.openqa.selenium.remote.HttpCommandExecutor.execute(HttpCommandExecutor.java:190)
at org.openqa.selenium.remote.service.DriverCommandExecutor.invokeExecute(DriverCommandExecutor.java:216)
at org.openqa.selenium.remote.service.DriverCommandExecutor.execute(DriverCommandExecutor.java:174)
at org.openqa.selenium.remote.RemoteWebDriver.execute(RemoteWebDriver.java:545)
at org.openqa.selenium.remote.ElementLocation$ElementFinder$2.findElement(ElementLocation.java:165)
at org.openqa.selenium.remote.ElementLocation.findElement(ElementLocation.java:59)
at org.openqa.selenium.remote.RemoteWebDriver.findElement(RemoteWebDriver.java:368)
at org.openqa.selenium.remote.RemoteWebDriver.findElement(RemoteWebDriver.java:362)
at org.openqa.selenium.support.pagefactory.DefaultElementLocator.findElement(DefaultElementLocator.java:68)
at org.openqa.selenium.support.pagefactory.internal.LocatingElementHandler.invoke(LocatingElementHandler.java:38)
at jdk.proxy2/jdk.proxy2.$Proxy19.isDisplayed(Unknown Source)
at org.openqa.selenium.support.ui.ExpectedConditions.elementIfVisible(ExpectedConditions.java:304)
at org.openqa.selenium.support.ui.ExpectedConditions$10.apply(ExpectedConditions.java:290)
at org.openqa.selenium.support.ui.ExpectedConditions$10.apply(ExpectedConditions.java:287)
at org.openqa.selenium.support.ui.ExpectedConditions$23.apply(ExpectedConditions.java:656)
at org.openqa.selenium.support.ui.ExpectedConditions$23.apply(ExpectedConditions.java:652)
at org.openqa.selenium.support.ui.FluentWait.until(FluentWait.java:203)
... 28 more
]]>
            </full-stacktrace>
          </exception> <!-- org.openqa.selenium.TimeoutException -->
          <reporter-output>
          </reporter-output>
        </test-method> <!-- userCanRemoveProductFromWishList -->
        <test-method is-config="true" signature="tearDown()[pri:0, instance:TestCases.wishListTest@7a687d8d]" started-at="2025-09-08T21:07:40 IST" name="tearDown" finished-at="2025-09-08T21:07:40 IST" duration-ms="259" status="PASS">
          <reporter-output>
          </reporter-output>
        </test-method> <!-- tearDown -->
      </class> <!-- TestCases.wishListTest -->
      <class name="TestCases.CartTest">
        <test-method is-config="true" signature="setUp(java.lang.String)[pri:0, instance:TestCases.CartTest@4c82b5df]" started-at="2025-09-08T21:07:40 IST" name="setUp" finished-at="2025-09-08T21:07:46 IST" duration-ms="6144" status="PASS">
          <params>
            <param index="0">
              <value>
                <![CDATA[chrome]]>
              </value>
            </param>
          </params>
          <reporter-output>
          </reporter-output>
        </test-method> <!-- setUp -->
        <test-method signature="userCanSearchAndOpenProduct()[pri:1, instance:TestCases.CartTest@4c82b5df]" started-at="2025-09-08T21:07:46 IST" name="userCanSearchAndOpenProduct" finished-at="2025-09-08T21:07:48 IST" duration-ms="1735" status="PASS">
          <reporter-output>
          </reporter-output>
        </test-method> <!-- userCanSearchAndOpenProduct -->
        <test-method signature="userCanAddProductToCart()[pri:2, instance:TestCases.CartTest@4c82b5df]" started-at="2025-09-08T21:07:48 IST" name="userCanAddProductToCart" finished-at="2025-09-08T21:07:49 IST" duration-ms="1135" status="PASS">
          <reporter-output>
          </reporter-output>
        </test-method> <!-- userCanAddProductToCart -->
        <test-method signature="userCanUpdateProductQuantity()[pri:3, instance:TestCases.CartTest@4c82b5df]" started-at="2025-09-08T21:07:49 IST" name="userCanUpdateProductQuantity" finished-at="2025-09-08T21:07:54 IST" duration-ms="5261" status="FAIL">
          <exception class="org.openqa.selenium.StaleElementReferenceException">
            <message>
              <![CDATA[stale element reference: stale element not found
  (Session info: chrome=140.0.7339.80)
For documentation on this error, please visit: https://www.selenium.dev/documentation/webdriver/troubleshooting/errors#stale-element-reference-exception
Build info: version: '4.24.0', revision: '748ffc9bc3'
System info: os.name: 'Windows 11', os.arch: 'amd64', os.version: '10.0', java.version: '21.0.5'
Driver info: org.openqa.selenium.chrome.ChromeDriver
Command: [d81e42d5da043bcd8ce6fff55788194d, executeScript {script=arguments[0].click();, args=[{element-6066-11e4-a52e-4f735466cecf=f.F6D239991EA56C51B3F8A18A294161B1.d.D271BD5D7EE3998541DD042AEE92A6F0.e.115}]}]
Capabilities {acceptInsecureCerts: false, browserName: chrome, browserVersion: 140.0.7339.80, chrome: {chromedriverVersion: 140.0.7339.80 (670b6f192f46..., userDataDir: C:\Users\SRIRAM~1\AppData\L...}, fedcm:accounts: true, goog:chromeOptions: {debuggerAddress: localhost:49708}, networkConnectionEnabled: false, pageLoadStrategy: normal, platformName: windows, proxy: Proxy(), se:cdp: ws://localhost:49708/devtoo..., se:cdpVersion: 140.0.7339.80, setWindowRect: true, strictFileInteractability: false, timeouts: {implicit: 0, pageLoad: 300000, script: 30000}, unhandledPromptBehavior: dismiss and notify, webauthn:extension:credBlob: true, webauthn:extension:largeBlob: true, webauthn:extension:minPinLength: true, webauthn:extension:prf: true, webauthn:virtualAuthenticators: true}
Session ID: d81e42d5da043bcd8ce6fff55788194d]]>
            </message>
            <full-stacktrace>
              <![CDATA[org.openqa.selenium.StaleElementReferenceException: stale element reference: stale element not found
  (Session info: chrome=140.0.7339.80)
For documentation on this error, please visit: https://www.selenium.dev/documentation/webdriver/troubleshooting/errors#stale-element-reference-exception
Build info: version: '4.24.0', revision: '748ffc9bc3'
System info: os.name: 'Windows 11', os.arch: 'amd64', os.version: '10.0', java.version: '21.0.5'
Driver info: org.openqa.selenium.chrome.ChromeDriver
Command: [d81e42d5da043bcd8ce6fff55788194d, executeScript {script=arguments[0].click();, args=[{element-6066-11e4-a52e-4f735466cecf=f.F6D239991EA56C51B3F8A18A294161B1.d.D271BD5D7EE3998541DD042AEE92A6F0.e.115}]}]
Capabilities {acceptInsecureCerts: false, browserName: chrome, browserVersion: 140.0.7339.80, chrome: {chromedriverVersion: 140.0.7339.80 (670b6f192f46..., userDataDir: C:\Users\SRIRAM~1\AppData\L...}, fedcm:accounts: true, goog:chromeOptions: {debuggerAddress: localhost:49708}, networkConnectionEnabled: false, pageLoadStrategy: normal, platformName: windows, proxy: Proxy(), se:cdp: ws://localhost:49708/devtoo..., se:cdpVersion: 140.0.7339.80, setWindowRect: true, strictFileInteractability: false, timeouts: {implicit: 0, pageLoad: 300000, script: 30000}, unhandledPromptBehavior: dismiss and notify, webauthn:extension:credBlob: true, webauthn:extension:largeBlob: true, webauthn:extension:minPinLength: true, webauthn:extension:prf: true, webauthn:virtualAuthenticators: true}
Session ID: d81e42d5da043bcd8ce6fff55788194d
at java.base/jdk.internal.reflect.DirectConstructorHandleAccessor.newInstance(DirectConstructorHandleAccessor.java:62)
at java.base/java.lang.reflect.Constructor.newInstanceWithCaller(Constructor.java:502)
at java.base/java.lang.reflect.Constructor.newInstance(Constructor.java:486)
at org.openqa.selenium.remote.ErrorCodec.decode(ErrorCodec.java:167)
at org.openqa.selenium.remote.codec.w3c.W3CHttpResponseCodec.decode(W3CHttpResponseCodec.java:138)
at org.openqa.selenium.remote.codec.w3c.W3CHttpResponseCodec.decode(W3CHttpResponseCodec.java:50)
at org.openqa.selenium.remote.HttpCommandExecutor.execute(HttpCommandExecutor.java:190)
at org.openqa.selenium.remote.service.DriverCommandExecutor.invokeExecute(DriverCommandExecutor.java:216)
at org.openqa.selenium.remote.service.DriverCommandExecutor.execute(DriverCommandExecutor.java:174)
at org.openqa.selenium.remote.RemoteWebDriver.execute(RemoteWebDriver.java:545)
at org.openqa.selenium.remote.RemoteWebDriver.executeScript(RemoteWebDriver.java:476)
at pageObjects.CartPage.updateProductQuantityCart(CartPage.java:102)
at TestCases.CartTest.userCanUpdateProductQuantity(CartTest.java:45)
at java.base/jdk.internal.reflect.DirectMethodHandleAccessor.invoke(DirectMethodHandleAccessor.java:103)
at java.base/java.lang.reflect.Method.invoke(Method.java:580)
at org.testng.internal.invokers.MethodInvocationHelper.invokeMethod(MethodInvocationHelper.java:139)
at org.testng.internal.invokers.TestInvoker.invokeMethod(TestInvoker.java:664)
at org.testng.internal.invokers.TestInvoker.invokeTestMethod(TestInvoker.java:228)
at org.testng.internal.invokers.MethodRunner.runInSequence(MethodRunner.java:63)
at org.testng.internal.invokers.TestInvoker$MethodInvocationAgent.invoke(TestInvoker.java:961)
at org.testng.internal.invokers.TestInvoker.invokeTestMethods(TestInvoker.java:201)
at org.testng.internal.invokers.TestMethodWorker.invokeTestMethods(TestMethodWorker.java:148)
at org.testng.internal.invokers.TestMethodWorker.run(TestMethodWorker.java:128)
at java.base/java.util.ArrayList.forEach(ArrayList.java:1596)
at org.testng.TestRunner.privateRun(TestRunner.java:819)
at org.testng.TestRunner.run(TestRunner.java:619)
at org.testng.SuiteRunner.runTest(SuiteRunner.java:443)
at org.testng.SuiteRunner.runSequentially(SuiteRunner.java:437)
at org.testng.SuiteRunner.privateRun(SuiteRunner.java:397)
at org.testng.SuiteRunner.run(SuiteRunner.java:336)
at org.testng.SuiteRunnerWorker.runSuite(SuiteRunnerWorker.java:52)
at org.testng.SuiteRunnerWorker.run(SuiteRunnerWorker.java:95)
at org.testng.TestNG.runSuitesSequentially(TestNG.java:1301)
at org.testng.TestNG.runSuitesLocally(TestNG.java:1228)
at org.testng.TestNG.runSuites(TestNG.java:1134)
at org.testng.TestNG.run(TestNG.java:1101)
at org.testng.remote.AbstractRemoteTestNG.run(AbstractRemoteTestNG.java:115)
at org.testng.remote.RemoteTestNG.initAndRun(RemoteTestNG.java:293)
at org.testng.remote.RemoteTestNG.main(RemoteTestNG.java:91)
]]>
            </full-stacktrace>
          </exception> <!-- org.openqa.selenium.StaleElementReferenceException -->
          <reporter-output>
          </reporter-output>
        </test-method> <!-- userCanUpdateProductQuantity -->
        <test-method signature="userCanRemoveProductFromCart()[pri:4, instance:TestCases.CartTest@4c82b5df]" started-at="2025-09-08T21:07:54 IST" name="userCanRemoveProductFromCart" finished-at="2025-09-08T21:07:55 IST" duration-ms="681" status="PASS">
          <reporter-output>
          </reporter-output>
        </test-method> <!-- userCanRemoveProductFromCart -->
        <test-method is-config="true" signature="tearDown()[pri:0, instance:TestCases.CartTest@4c82b5df]" started-at="2025-09-08T21:07:55 IST" name="tearDown" finished-at="2025-09-08T21:07:55 IST" duration-ms="286" status="PASS">
          <reporter-output>
          </reporter-output>
        </test-method> <!-- tearDown -->
      </class> <!-- TestCases.CartTest -->
      <class name="TestCases.SearchByAutoSuggest">
        <test-method is-config="true" signature="setUp(java.lang.String)[pri:0, instance:TestCases.SearchByAutoSuggest@4fd3b20a]" started-at="2025-09-08T21:09:16 IST" name="setUp" finished-at="2025-09-08T21:09:19 IST" duration-ms="3146" status="PASS">
          <params>
            <param index="0">
              <value>
                <![CDATA[chrome]]>
              </value>
            </param>
          </params>
          <reporter-output>
          </reporter-output>
        </test-method> <!-- setUp -->
        <test-method signature="searchWithAutoSuggest()[pri:0, instance:TestCases.SearchByAutoSuggest@4fd3b20a]" started-at="2025-09-08T21:09:19 IST" name="searchWithAutoSuggest" finished-at="2025-09-08T21:09:23 IST" duration-ms="4212" status="PASS">
          <reporter-output>
          </reporter-output>
        </test-method> <!-- searchWithAutoSuggest -->
        <test-method signature="userCanSearchWithAutoSuggest()[pri:1, instance:TestCases.SearchByAutoSuggest@4fd3b20a]" started-at="2025-09-08T21:09:23 IST" name="userCanSearchWithAutoSuggest" finished-at="2025-09-08T21:09:27 IST" depends-on-methods="TestCases.SearchByAutoSuggest.searchWithAutoSuggest" duration-ms="3539" status="PASS">
          <reporter-output>
          </reporter-output>
        </test-method> <!-- userCanSearchWithAutoSuggest -->
        <test-method is-config="true" signature="tearDown()[pri:0, instance:TestCases.SearchByAutoSuggest@4fd3b20a]" started-at="2025-09-08T21:09:27 IST" name="tearDown" finished-at="2025-09-08T21:09:27 IST" duration-ms="209" status="PASS">
          <reporter-output>
          </reporter-output>
        </test-method> <!-- tearDown -->
      </class> <!-- TestCases.SearchByAutoSuggest -->
      <class name="TestCases.CardValidationTest">
        <test-method is-config="true" signature="setUp(java.lang.String)[pri:0, instance:TestCases.CardValidationTest@511f5b1d]" started-at="2025-09-08T21:06:05 IST" name="setUp" finished-at="2025-09-08T21:06:08 IST" duration-ms="3270" status="PASS">
          <params>
            <param index="0">
              <value>
                <![CDATA[chrome]]>
              </value>
            </param>
          </params>
          <reporter-output>
          </reporter-output>
        </test-method> <!-- setUp -->
        <test-method signature="testClearCompareList()[pri:1, instance:TestCases.CardValidationTest@511f5b1d]" started-at="2025-09-08T21:06:08 IST" name="testClearCompareList" finished-at="2025-09-08T21:06:38 IST" duration-ms="29644" status="PASS">
          <reporter-output>
          </reporter-output>
        </test-method> <!-- testClearCompareList -->
        <test-method signature="testAddAndDisplayProductsInCompare()[pri:2, instance:TestCases.CardValidationTest@511f5b1d]" started-at="2025-09-08T21:06:38 IST" name="testAddAndDisplayProductsInCompare" finished-at="2025-09-08T21:06:56 IST" duration-ms="17544" status="FAIL">
          <exception class="org.openqa.selenium.NoSuchElementException">
            <message>
              <![CDATA[no such element: Unable to locate element: {"method":"link text","selector":"Apple MacBook Pro 13-inch"}
  (Session info: chrome=140.0.7339.80)
For documentation on this error, please visit: https://www.selenium.dev/documentation/webdriver/troubleshooting/errors#no-such-element-exception
Build info: version: '4.24.0', revision: '748ffc9bc3'
System info: os.name: 'Windows 11', os.arch: 'amd64', os.version: '10.0', java.version: '21.0.5'
Driver info: org.openqa.selenium.chrome.ChromeDriver
Command: [12447ca3e1c8f6c1b80492b9363f65c6, findElement {using=link text, value=Apple MacBook Pro 13-inch}]
Capabilities {acceptInsecureCerts: false, browserName: chrome, browserVersion: 140.0.7339.80, chrome: {chromedriverVersion: 140.0.7339.80 (670b6f192f46..., userDataDir: C:\Users\SRIRAM~1\AppData\L...}, fedcm:accounts: true, goog:chromeOptions: {debuggerAddress: localhost:63299}, networkConnectionEnabled: false, pageLoadStrategy: normal, platformName: windows, proxy: Proxy(), se:cdp: ws://localhost:63299/devtoo..., se:cdpVersion: 140.0.7339.80, setWindowRect: true, strictFileInteractability: false, timeouts: {implicit: 0, pageLoad: 300000, script: 30000}, unhandledPromptBehavior: dismiss and notify, webauthn:extension:credBlob: true, webauthn:extension:largeBlob: true, webauthn:extension:minPinLength: true, webauthn:extension:prf: true, webauthn:virtualAuthenticators: true}
Session ID: 12447ca3e1c8f6c1b80492b9363f65c6]]>
            </message>
            <full-stacktrace>
              <![CDATA[org.openqa.selenium.NoSuchElementException: no such element: Unable to locate element: {"method":"link text","selector":"Apple MacBook Pro 13-inch"}
  (Session info: chrome=140.0.7339.80)
For documentation on this error, please visit: https://www.selenium.dev/documentation/webdriver/troubleshooting/errors#no-such-element-exception
Build info: version: '4.24.0', revision: '748ffc9bc3'
System info: os.name: 'Windows 11', os.arch: 'amd64', os.version: '10.0', java.version: '21.0.5'
Driver info: org.openqa.selenium.chrome.ChromeDriver
Command: [12447ca3e1c8f6c1b80492b9363f65c6, findElement {using=link text, value=Apple MacBook Pro 13-inch}]
Capabilities {acceptInsecureCerts: false, browserName: chrome, browserVersion: 140.0.7339.80, chrome: {chromedriverVersion: 140.0.7339.80 (670b6f192f46..., userDataDir: C:\Users\SRIRAM~1\AppData\L...}, fedcm:accounts: true, goog:chromeOptions: {debuggerAddress: localhost:63299}, networkConnectionEnabled: false, pageLoadStrategy: normal, platformName: windows, proxy: Proxy(), se:cdp: ws://localhost:63299/devtoo..., se:cdpVersion: 140.0.7339.80, setWindowRect: true, strictFileInteractability: false, timeouts: {implicit: 0, pageLoad: 300000, script: 30000}, unhandledPromptBehavior: dismiss and notify, webauthn:extension:credBlob: true, webauthn:extension:largeBlob: true, webauthn:extension:minPinLength: true, webauthn:extension:prf: true, webauthn:virtualAuthenticators: true}
Session ID: 12447ca3e1c8f6c1b80492b9363f65c6
at java.base/jdk.internal.reflect.DirectConstructorHandleAccessor.newInstance(DirectConstructorHandleAccessor.java:62)
at java.base/java.lang.reflect.Constructor.newInstanceWithCaller(Constructor.java:502)
at java.base/java.lang.reflect.Constructor.newInstance(Constructor.java:486)
at org.openqa.selenium.remote.ErrorCodec.decode(ErrorCodec.java:167)
at org.openqa.selenium.remote.codec.w3c.W3CHttpResponseCodec.decode(W3CHttpResponseCodec.java:138)
at org.openqa.selenium.remote.codec.w3c.W3CHttpResponseCodec.decode(W3CHttpResponseCodec.java:50)
at org.openqa.selenium.remote.HttpCommandExecutor.execute(HttpCommandExecutor.java:190)
at org.openqa.selenium.remote.service.DriverCommandExecutor.invokeExecute(DriverCommandExecutor.java:216)
at org.openqa.selenium.remote.service.DriverCommandExecutor.execute(DriverCommandExecutor.java:174)
at org.openqa.selenium.remote.RemoteWebDriver.execute(RemoteWebDriver.java:545)
at org.openqa.selenium.remote.ElementLocation$ElementFinder$2.findElement(ElementLocation.java:165)
at org.openqa.selenium.remote.ElementLocation.findElement(ElementLocation.java:59)
at org.openqa.selenium.remote.RemoteWebDriver.findElement(RemoteWebDriver.java:368)
at org.openqa.selenium.remote.RemoteWebDriver.findElement(RemoteWebDriver.java:362)
at org.openqa.selenium.support.pagefactory.DefaultElementLocator.findElement(DefaultElementLocator.java:68)
at org.openqa.selenium.support.pagefactory.internal.LocatingElementHandler.invoke(LocatingElementHandler.java:38)
at jdk.proxy2/jdk.proxy2.$Proxy19.isDisplayed(Unknown Source)
at TestCases.CardValidationTest.testAddAndDisplayProductsInCompare(CardValidationTest.java:41)
at java.base/jdk.internal.reflect.DirectMethodHandleAccessor.invoke(DirectMethodHandleAccessor.java:103)
at java.base/java.lang.reflect.Method.invoke(Method.java:580)
at org.testng.internal.invokers.MethodInvocationHelper.invokeMethod(MethodInvocationHelper.java:139)
at org.testng.internal.invokers.TestInvoker.invokeMethod(TestInvoker.java:664)
at org.testng.internal.invokers.TestInvoker.invokeTestMethod(TestInvoker.java:228)
at org.testng.internal.invokers.MethodRunner.runInSequence(MethodRunner.java:63)
at org.testng.internal.invokers.TestInvoker$MethodInvocationAgent.invoke(TestInvoker.java:961)
at org.testng.internal.invokers.TestInvoker.invokeTestMethods(TestInvoker.java:201)
at org.testng.internal.invokers.TestMethodWorker.invokeTestMethods(TestMethodWorker.java:148)
at org.testng.internal.invokers.TestMethodWorker.run(TestMethodWorker.java:128)
at java.base/java.util.ArrayList.forEach(ArrayList.java:1596)
at org.testng.TestRunner.privateRun(TestRunner.java:819)
at org.testng.TestRunner.run(TestRunner.java:619)
at org.testng.SuiteRunner.runTest(SuiteRunner.java:443)
at org.testng.SuiteRunner.runSequentially(SuiteRunner.java:437)
at org.testng.SuiteRunner.privateRun(SuiteRunner.java:397)
at org.testng.SuiteRunner.run(SuiteRunner.java:336)
at org.testng.SuiteRunnerWorker.runSuite(SuiteRunnerWorker.java:52)
at org.testng.SuiteRunnerWorker.run(SuiteRunnerWorker.java:95)
at org.testng.TestNG.runSuitesSequentially(TestNG.java:1301)
at org.testng.TestNG.runSuitesLocally(TestNG.java:1228)
at org.testng.TestNG.runSuites(TestNG.java:1134)
at org.testng.TestNG.run(TestNG.java:1101)
at org.testng.remote.AbstractRemoteTestNG.run(AbstractRemoteTestNG.java:115)
at org.testng.remote.RemoteTestNG.initAndRun(RemoteTestNG.java:293)
at org.testng.remote.RemoteTestNG.main(RemoteTestNG.java:91)
]]>
            </full-stacktrace>
          </exception> <!-- org.openqa.selenium.NoSuchElementException -->
          <reporter-output>
          </reporter-output>
        </test-method> <!-- testAddAndDisplayProductsInCompare -->
        <test-method signature="testCompareProductsDisplay()[pri:3, instance:TestCases.CardValidationTest@511f5b1d]" started-at="2025-09-08T21:06:56 IST" name="testCompareProductsDisplay" finished-at="2025-09-08T21:07:14 IST" duration-ms="18155" status="FAIL">
          <exception class="org.openqa.selenium.NoSuchElementException">
            <message>
              <![CDATA[no such element: Unable to locate element: {"method":"link text","selector":"Apple MacBook Pro 13-inch"}
  (Session info: chrome=140.0.7339.80)
For documentation on this error, please visit: https://www.selenium.dev/documentation/webdriver/troubleshooting/errors#no-such-element-exception
Build info: version: '4.24.0', revision: '748ffc9bc3'
System info: os.name: 'Windows 11', os.arch: 'amd64', os.version: '10.0', java.version: '21.0.5'
Driver info: org.openqa.selenium.chrome.ChromeDriver
Command: [12447ca3e1c8f6c1b80492b9363f65c6, findElement {using=link text, value=Apple MacBook Pro 13-inch}]
Capabilities {acceptInsecureCerts: false, browserName: chrome, browserVersion: 140.0.7339.80, chrome: {chromedriverVersion: 140.0.7339.80 (670b6f192f46..., userDataDir: C:\Users\SRIRAM~1\AppData\L...}, fedcm:accounts: true, goog:chromeOptions: {debuggerAddress: localhost:63299}, networkConnectionEnabled: false, pageLoadStrategy: normal, platformName: windows, proxy: Proxy(), se:cdp: ws://localhost:63299/devtoo..., se:cdpVersion: 140.0.7339.80, setWindowRect: true, strictFileInteractability: false, timeouts: {implicit: 0, pageLoad: 300000, script: 30000}, unhandledPromptBehavior: dismiss and notify, webauthn:extension:credBlob: true, webauthn:extension:largeBlob: true, webauthn:extension:minPinLength: true, webauthn:extension:prf: true, webauthn:virtualAuthenticators: true}
Session ID: 12447ca3e1c8f6c1b80492b9363f65c6]]>
            </message>
            <full-stacktrace>
              <![CDATA[org.openqa.selenium.NoSuchElementException: no such element: Unable to locate element: {"method":"link text","selector":"Apple MacBook Pro 13-inch"}
  (Session info: chrome=140.0.7339.80)
For documentation on this error, please visit: https://www.selenium.dev/documentation/webdriver/troubleshooting/errors#no-such-element-exception
Build info: version: '4.24.0', revision: '748ffc9bc3'
System info: os.name: 'Windows 11', os.arch: 'amd64', os.version: '10.0', java.version: '21.0.5'
Driver info: org.openqa.selenium.chrome.ChromeDriver
Command: [12447ca3e1c8f6c1b80492b9363f65c6, findElement {using=link text, value=Apple MacBook Pro 13-inch}]
Capabilities {acceptInsecureCerts: false, browserName: chrome, browserVersion: 140.0.7339.80, chrome: {chromedriverVersion: 140.0.7339.80 (670b6f192f46..., userDataDir: C:\Users\SRIRAM~1\AppData\L...}, fedcm:accounts: true, goog:chromeOptions: {debuggerAddress: localhost:63299}, networkConnectionEnabled: false, pageLoadStrategy: normal, platformName: windows, proxy: Proxy(), se:cdp: ws://localhost:63299/devtoo..., se:cdpVersion: 140.0.7339.80, setWindowRect: true, strictFileInteractability: false, timeouts: {implicit: 0, pageLoad: 300000, script: 30000}, unhandledPromptBehavior: dismiss and notify, webauthn:extension:credBlob: true, webauthn:extension:largeBlob: true, webauthn:extension:minPinLength: true, webauthn:extension:prf: true, webauthn:virtualAuthenticators: true}
Session ID: 12447ca3e1c8f6c1b80492b9363f65c6
at java.base/jdk.internal.reflect.DirectConstructorHandleAccessor.newInstance(DirectConstructorHandleAccessor.java:62)
at java.base/java.lang.reflect.Constructor.newInstanceWithCaller(Constructor.java:502)
at java.base/java.lang.reflect.Constructor.newInstance(Constructor.java:486)
at org.openqa.selenium.remote.ErrorCodec.decode(ErrorCodec.java:167)
at org.openqa.selenium.remote.codec.w3c.W3CHttpResponseCodec.decode(W3CHttpResponseCodec.java:138)
at org.openqa.selenium.remote.codec.w3c.W3CHttpResponseCodec.decode(W3CHttpResponseCodec.java:50)
at org.openqa.selenium.remote.HttpCommandExecutor.execute(HttpCommandExecutor.java:190)
at org.openqa.selenium.remote.service.DriverCommandExecutor.invokeExecute(DriverCommandExecutor.java:216)
at org.openqa.selenium.remote.service.DriverCommandExecutor.execute(DriverCommandExecutor.java:174)
at org.openqa.selenium.remote.RemoteWebDriver.execute(RemoteWebDriver.java:545)
at org.openqa.selenium.remote.ElementLocation$ElementFinder$2.findElement(ElementLocation.java:165)
at org.openqa.selenium.remote.ElementLocation.findElement(ElementLocation.java:59)
at org.openqa.selenium.remote.RemoteWebDriver.findElement(RemoteWebDriver.java:368)
at org.openqa.selenium.remote.RemoteWebDriver.findElement(RemoteWebDriver.java:362)
at org.openqa.selenium.support.pagefactory.DefaultElementLocator.findElement(DefaultElementLocator.java:68)
at org.openqa.selenium.support.pagefactory.internal.LocatingElementHandler.invoke(LocatingElementHandler.java:38)
at jdk.proxy2/jdk.proxy2.$Proxy19.isDisplayed(Unknown Source)
at TestCases.CardValidationTest.testCompareProductsDisplay(CardValidationTest.java:56)
at java.base/jdk.internal.reflect.DirectMethodHandleAccessor.invoke(DirectMethodHandleAccessor.java:103)
at java.base/java.lang.reflect.Method.invoke(Method.java:580)
at org.testng.internal.invokers.MethodInvocationHelper.invokeMethod(MethodInvocationHelper.java:139)
at org.testng.internal.invokers.TestInvoker.invokeMethod(TestInvoker.java:664)
at org.testng.internal.invokers.TestInvoker.invokeTestMethod(TestInvoker.java:228)
at org.testng.internal.invokers.MethodRunner.runInSequence(MethodRunner.java:63)
at org.testng.internal.invokers.TestInvoker$MethodInvocationAgent.invoke(TestInvoker.java:961)
at org.testng.internal.invokers.TestInvoker.invokeTestMethods(TestInvoker.java:201)
at org.testng.internal.invokers.TestMethodWorker.invokeTestMethods(TestMethodWorker.java:148)
at org.testng.internal.invokers.TestMethodWorker.run(TestMethodWorker.java:128)
at java.base/java.util.ArrayList.forEach(ArrayList.java:1596)
at org.testng.TestRunner.privateRun(TestRunner.java:819)
at org.testng.TestRunner.run(TestRunner.java:619)
at org.testng.SuiteRunner.runTest(SuiteRunner.java:443)
at org.testng.SuiteRunner.runSequentially(SuiteRunner.java:437)
at org.testng.SuiteRunner.privateRun(SuiteRunner.java:397)
at org.testng.SuiteRunner.run(SuiteRunner.java:336)
at org.testng.SuiteRunnerWorker.runSuite(SuiteRunnerWorker.java:52)
at org.testng.SuiteRunnerWorker.run(SuiteRunnerWorker.java:95)
at org.testng.TestNG.runSuitesSequentially(TestNG.java:1301)
at org.testng.TestNG.runSuitesLocally(TestNG.java:1228)
at org.testng.TestNG.runSuites(TestNG.java:1134)
at org.testng.TestNG.run(TestNG.java:1101)
at org.testng.remote.AbstractRemoteTestNG.run(AbstractRemoteTestNG.java:115)
at org.testng.remote.RemoteTestNG.initAndRun(RemoteTestNG.java:293)
at org.testng.remote.RemoteTestNG.main(RemoteTestNG.java:91)
]]>
            </full-stacktrace>
          </exception> <!-- org.openqa.selenium.NoSuchElementException -->
          <reporter-output>
          </reporter-output>
        </test-method> <!-- testCompareProductsDisplay -->
        <test-method is-config="true" signature="tearDown()[pri:0, instance:TestCases.CardValidationTest@511f5b1d]" started-at="2025-09-08T21:07:14 IST" name="tearDown" finished-at="2025-09-08T21:07:14 IST" duration-ms="171" status="PASS">
          <reporter-output>
          </reporter-output>
        </test-method> <!-- tearDown -->
      </class> <!-- TestCases.CardValidationTest -->
      <class name="TestCases.CheckoutTest">
        <test-method is-config="true" signature="setUp(java.lang.String)[pri:0, instance:TestCases.CheckoutTest@67eec8e1]" started-at="2025-09-08T21:07:55 IST" name="setUp" finished-at="2025-09-08T21:07:59 IST" duration-ms="3369" status="PASS">
          <params>
            <param index="0">
              <value>
                <![CDATA[chrome]]>
              </value>
            </param>
          </params>
          <reporter-output>
          </reporter-output>
        </test-method> <!-- setUp -->
        <test-method signature="testCheckoutProcess()[pri:1, instance:TestCases.CheckoutTest@67eec8e1]" started-at="2025-09-08T21:07:59 IST" name="testCheckoutProcess" finished-at="2025-09-08T21:08:02 IST" duration-ms="3852" status="FAIL">
          <exception class="java.lang.AssertionError">
            <message>
              <![CDATA[ Checkout test failed: element click intercepted: Element <span class="cart-label">...</span> is not clickable at point (1287, 22). Other element would receive the click: <p class="content">...</p>
  (Session info: chrome=140.0.7339.80)
Build info: version: '4.24.0', revision: '748ffc9bc3'
System info: os.name: 'Windows 11', os.arch: 'amd64', os.version: '10.0', java.version: '21.0.5'
Driver info: org.openqa.selenium.chrome.ChromeDriver
Command: [221d4415f43abf712a5231afffa5b3a9, clickElement {id=f.CC345A159E3C13BC368D4C4412C9BC40.d.4F369BFA029DA9DA27CE76ECF3FB9F4A.e.102}]
Capabilities {acceptInsecureCerts: false, browserName: chrome, browserVersion: 140.0.7339.80, chrome: {chromedriverVersion: 140.0.7339.80 (670b6f192f46..., userDataDir: C:\Users\SRIRAM~1\AppData\L...}, fedcm:accounts: true, goog:chromeOptions: {debuggerAddress: localhost:49752}, networkConnectionEnabled: false, pageLoadStrategy: normal, platformName: windows, proxy: Proxy(), se:cdp: ws://localhost:49752/devtoo..., se:cdpVersion: 140.0.7339.80, setWindowRect: true, strictFileInteractability: false, timeouts: {implicit: 0, pageLoad: 300000, script: 30000}, unhandledPromptBehavior: dismiss and notify, webauthn:extension:credBlob: true, webauthn:extension:largeBlob: true, webauthn:extension:minPinLength: true, webauthn:extension:prf: true, webauthn:virtualAuthenticators: true}
Element: [[ChromeDriver: chrome on windows (221d4415f43abf712a5231afffa5b3a9)] -> xpath: //span[@class='cart-label']]
Session ID: 221d4415f43abf712a5231afffa5b3a9]]>
            </message>
            <full-stacktrace>
              <![CDATA[java.lang.AssertionError:  Checkout test failed: element click intercepted: Element <span class="cart-label">...</span> is not clickable at point (1287, 22). Other element would receive the click: <p class="content">...</p>
  (Session info: chrome=140.0.7339.80)
Build info: version: '4.24.0', revision: '748ffc9bc3'
System info: os.name: 'Windows 11', os.arch: 'amd64', os.version: '10.0', java.version: '21.0.5'
Driver info: org.openqa.selenium.chrome.ChromeDriver
Command: [221d4415f43abf712a5231afffa5b3a9, clickElement {id=f.CC345A159E3C13BC368D4C4412C9BC40.d.4F369BFA029DA9DA27CE76ECF3FB9F4A.e.102}]
Capabilities {acceptInsecureCerts: false, browserName: chrome, browserVersion: 140.0.7339.80, chrome: {chromedriverVersion: 140.0.7339.80 (670b6f192f46..., userDataDir: C:\Users\SRIRAM~1\AppData\L...}, fedcm:accounts: true, goog:chromeOptions: {debuggerAddress: localhost:49752}, networkConnectionEnabled: false, pageLoadStrategy: normal, platformName: windows, proxy: Proxy(), se:cdp: ws://localhost:49752/devtoo..., se:cdpVersion: 140.0.7339.80, setWindowRect: true, strictFileInteractability: false, timeouts: {implicit: 0, pageLoad: 300000, script: 30000}, unhandledPromptBehavior: dismiss and notify, webauthn:extension:credBlob: true, webauthn:extension:largeBlob: true, webauthn:extension:minPinLength: true, webauthn:extension:prf: true, webauthn:virtualAuthenticators: true}
Element: [[ChromeDriver: chrome on windows (221d4415f43abf712a5231afffa5b3a9)] -> xpath: //span[@class='cart-label']]
Session ID: 221d4415f43abf712a5231afffa5b3a9
at org.testng.Assert.fail(Assert.java:111)
at TestCases.CheckoutTest.testCheckoutProcess(CheckoutTest.java:76)
at java.base/jdk.internal.reflect.DirectMethodHandleAccessor.invoke(DirectMethodHandleAccessor.java:103)
at java.base/java.lang.reflect.Method.invoke(Method.java:580)
at org.testng.internal.invokers.MethodInvocationHelper.invokeMethod(MethodInvocationHelper.java:139)
at org.testng.internal.invokers.TestInvoker.invokeMethod(TestInvoker.java:664)
at org.testng.internal.invokers.TestInvoker.invokeTestMethod(TestInvoker.java:228)
at org.testng.internal.invokers.MethodRunner.runInSequence(MethodRunner.java:63)
at org.testng.internal.invokers.TestInvoker$MethodInvocationAgent.invoke(TestInvoker.java:961)
at org.testng.internal.invokers.TestInvoker.invokeTestMethods(TestInvoker.java:201)
at org.testng.internal.invokers.TestMethodWorker.invokeTestMethods(TestMethodWorker.java:148)
at org.testng.internal.invokers.TestMethodWorker.run(TestMethodWorker.java:128)
at java.base/java.util.ArrayList.forEach(ArrayList.java:1596)
at org.testng.TestRunner.privateRun(TestRunner.java:819)
at org.testng.TestRunner.run(TestRunner.java:619)
at org.testng.SuiteRunner.runTest(SuiteRunner.java:443)
at org.testng.SuiteRunner.runSequentially(SuiteRunner.java:437)
at org.testng.SuiteRunner.privateRun(SuiteRunner.java:397)
at org.testng.SuiteRunner.run(SuiteRunner.java:336)
at org.testng.SuiteRunnerWorker.runSuite(SuiteRunnerWorker.java:52)
at org.testng.SuiteRunnerWorker.run(SuiteRunnerWorker.java:95)
at org.testng.TestNG.runSuitesSequentially(TestNG.java:1301)
at org.testng.TestNG.runSuitesLocally(TestNG.java:1228)
at org.testng.TestNG.runSuites(TestNG.java:1134)
at org.testng.TestNG.run(TestNG.java:1101)
at org.testng.remote.AbstractRemoteTestNG.run(AbstractRemoteTestNG.java:115)
at org.testng.remote.RemoteTestNG.initAndRun(RemoteTestNG.java:293)
at org.testng.remote.RemoteTestNG.main(RemoteTestNG.java:91)
]]>
            </full-stacktrace>
          </exception> <!-- java.lang.AssertionError -->
          <reporter-output>
          </reporter-output>
        </test-method> <!-- testCheckoutProcess -->
        <test-method is-config="true" signature="tearDown()[pri:0, instance:TestCases.CheckoutTest@67eec8e1]" started-at="2025-09-08T21:08:02 IST" name="tearDown" finished-at="2025-09-08T21:08:03 IST" duration-ms="653" status="PASS">
          <reporter-output>
          </reporter-output>
        </test-method> <!-- tearDown -->
      </class> <!-- TestCases.CheckoutTest -->
      <class name="TestCases.Register">
        <test-method is-config="true" signature="setUp(java.lang.String)[pri:0, instance:TestCases.Register@1bb4c431]" started-at="2025-09-08T21:08:58 IST" name="setUp" finished-at="2025-09-08T21:09:01 IST" duration-ms="3137" status="PASS">
          <params>
            <param index="0">
              <value>
                <![CDATA[chrome]]>
              </value>
            </param>
          </params>
          <reporter-output>
          </reporter-output>
        </test-method> <!-- setUp -->
        <test-method signature="ValidRegistration()[pri:1, instance:TestCases.Register@1bb4c431]" started-at="2025-09-08T21:09:01 IST" name="ValidRegistration" finished-at="2025-09-08T21:09:04 IST" duration-ms="2439" status="PASS">
          <reporter-output>
          </reporter-output>
        </test-method> <!-- ValidRegistration -->
        <test-method signature="RegisteredUserCanLogout()[pri:2, instance:TestCases.Register@1bb4c431]" started-at="2025-09-08T21:09:04 IST" name="RegisteredUserCanLogout" finished-at="2025-09-08T21:09:05 IST" depends-on-methods="TestCases.Register.ValidRegistration" duration-ms="890" status="PASS">
          <reporter-output>
          </reporter-output>
        </test-method> <!-- RegisteredUserCanLogout -->
        <test-method signature="RegisteredUserCanLogin()[pri:3, instance:TestCases.Register@1bb4c431]" started-at="2025-09-08T21:09:05 IST" name="RegisteredUserCanLogin" finished-at="2025-09-08T21:09:16 IST" depends-on-methods="TestCases.Register.RegisteredUserCanLogout" duration-ms="11074" status="FAIL">
          <exception class="java.lang.AssertionError">
            <message>
              <![CDATA[Logout link is not displayed after login! expected [true] but found [false]]]>
            </message>
            <full-stacktrace>
              <![CDATA[java.lang.AssertionError: Logout link is not displayed after login! expected [true] but found [false]
at org.testng.Assert.fail(Assert.java:111)
at org.testng.Assert.failNotEquals(Assert.java:1578)
at org.testng.Assert.assertTrue(Assert.java:57)
at TestCases.Register.RegisteredUserCanLogin(Register.java:60)
at java.base/jdk.internal.reflect.DirectMethodHandleAccessor.invoke(DirectMethodHandleAccessor.java:103)
at java.base/java.lang.reflect.Method.invoke(Method.java:580)
at org.testng.internal.invokers.MethodInvocationHelper.invokeMethod(MethodInvocationHelper.java:139)
at org.testng.internal.invokers.TestInvoker.invokeMethod(TestInvoker.java:664)
at org.testng.internal.invokers.TestInvoker.invokeTestMethod(TestInvoker.java:228)
at org.testng.internal.invokers.MethodRunner.runInSequence(MethodRunner.java:63)
at org.testng.internal.invokers.TestInvoker$MethodInvocationAgent.invoke(TestInvoker.java:961)
at org.testng.internal.invokers.TestInvoker.invokeTestMethods(TestInvoker.java:201)
at org.testng.internal.invokers.TestMethodWorker.invokeTestMethods(TestMethodWorker.java:148)
at org.testng.internal.invokers.TestMethodWorker.run(TestMethodWorker.java:128)
at java.base/java.util.ArrayList.forEach(ArrayList.java:1596)
at org.testng.TestRunner.privateRun(TestRunner.java:819)
at org.testng.TestRunner.run(TestRunner.java:619)
at org.testng.SuiteRunner.runTest(SuiteRunner.java:443)
at org.testng.SuiteRunner.runSequentially(SuiteRunner.java:437)
at org.testng.SuiteRunner.privateRun(SuiteRunner.java:397)
at org.testng.SuiteRunner.run(SuiteRunner.java:336)
at org.testng.SuiteRunnerWorker.runSuite(SuiteRunnerWorker.java:52)
at org.testng.SuiteRunnerWorker.run(SuiteRunnerWorker.java:95)
at org.testng.TestNG.runSuitesSequentially(TestNG.java:1301)
at org.testng.TestNG.runSuitesLocally(TestNG.java:1228)
at org.testng.TestNG.runSuites(TestNG.java:1134)
at org.testng.TestNG.run(TestNG.java:1101)
at org.testng.remote.AbstractRemoteTestNG.run(AbstractRemoteTestNG.java:115)
at org.testng.remote.RemoteTestNG.initAndRun(RemoteTestNG.java:293)
at org.testng.remote.RemoteTestNG.main(RemoteTestNG.java:91)
]]>
            </full-stacktrace>
          </exception> <!-- java.lang.AssertionError -->
          <reporter-output>
          </reporter-output>
        </test-method> <!-- RegisteredUserCanLogin -->
        <test-method is-config="true" signature="tearDown()[pri:0, instance:TestCases.Register@1bb4c431]" started-at="2025-09-08T21:09:16 IST" name="tearDown" finished-at="2025-09-08T21:09:16 IST" duration-ms="191" status="PASS">
          <reporter-output>
          </reporter-output>
        </test-method> <!-- tearDown -->
      </class> <!-- TestCases.Register -->
      <class name="TestCases.RegisterDataProvider">
        <test-method is-config="true" signature="setUp(java.lang.String)[pri:0, instance:TestCases.RegisterDataProvider@22dc59b2]" started-at="2025-09-08T21:08:19 IST" name="setUp" finished-at="2025-09-08T21:08:22 IST" duration-ms="3371" status="PASS">
          <params>
            <param index="0">
              <value>
                <![CDATA[chrome]]>
              </value>
            </param>
          </params>
          <reporter-output>
          </reporter-output>
        </test-method> <!-- setUp -->
        <test-method signature="ValidRegistration(java.lang.String,java.lang.String,java.lang.String,java.lang.String)[pri:1, instance:TestCases.RegisterDataProvider@22dc59b2]" started-at="2025-09-08T21:08:22 IST" name="ValidRegistration" data-provider="TestData" finished-at="2025-09-08T21:08:45 IST" duration-ms="22547" status="PASS">
          <params>
            <param index="0">
              <value>
                <![CDATA[Sri]]>
              </value>
            </param>
            <param index="1">
              <value>
                <![CDATA[Sra]]>
              </value>
            </param>
            <param index="2">
              <value>
                <![CDATA[praveenburri@gmail.com]]>
              </value>
            </param>
            <param index="3">
              <value>
                <![CDATA[1987665]]>
              </value>
            </param>
          </params>
          <reporter-output>
          </reporter-output>
        </test-method> <!-- ValidRegistration -->
        <test-method signature="RegisteredUserCanLogout()[pri:2, instance:TestCases.RegisterDataProvider@22dc59b2]" started-at="2025-09-08T21:08:45 IST" name="RegisteredUserCanLogout" finished-at="2025-09-08T21:08:45 IST" depends-on-methods="TestCases.RegisterDataProvider.ValidRegistration" duration-ms="879" status="PASS">
          <reporter-output>
          </reporter-output>
        </test-method> <!-- RegisteredUserCanLogout -->
        <test-method signature="RegisteredUserCanLogin(java.lang.String,java.lang.String)[pri:2, instance:TestCases.RegisterDataProvider@22dc59b2]" started-at="2025-09-08T21:08:45 IST" name="RegisteredUserCanLogin" data-provider="LoginData" finished-at="2025-09-08T21:08:58 IST" depends-on-methods="TestCases.RegisterDataProvider.RegisteredUserCanLogout" duration-ms="12676" status="PASS">
          <params>
            <param index="0">
              <value>
                <![CDATA[praveenburri@gmail.com]]>
              </value>
            </param>
            <param index="1">
              <value>
                <![CDATA[1987665]]>
              </value>
            </param>
          </params>
          <reporter-output>
          </reporter-output>
        </test-method> <!-- RegisteredUserCanLogin -->
        <test-method is-config="true" signature="tearDown()[pri:0, instance:TestCases.RegisterDataProvider@22dc59b2]" started-at="2025-09-08T21:08:58 IST" name="tearDown" finished-at="2025-09-08T21:08:58 IST" duration-ms="219" status="PASS">
          <reporter-output>
          </reporter-output>
        </test-method> <!-- tearDown -->
      </class> <!-- TestCases.RegisterDataProvider -->
      <class name="TestCases.SmokeTestAll">
        <test-method is-config="true" signature="setUp(java.lang.String)[pri:0, instance:TestCases.SmokeTestAll@4214ae8f]" started-at="2025-09-08T21:08:03 IST" name="setUp" finished-at="2025-09-08T21:08:05 IST" duration-ms="2200" status="PASS">
          <params>
            <param index="0">
              <value>
                <![CDATA[chrome]]>
              </value>
            </param>
          </params>
          <reporter-output>
          </reporter-output>
        </test-method> <!-- setUp -->
        <test-method signature="validateHomePageLoaded()[pri:1, instance:TestCases.SmokeTestAll@4214ae8f]" started-at="2025-09-08T21:08:05 IST" name="validateHomePageLoaded" finished-at="2025-09-08T21:08:05 IST" duration-ms="8" status="PASS">
          <reporter-output>
          </reporter-output>
        </test-method> <!-- validateHomePageLoaded -->
        <test-method signature="validateHomePageTitle()[pri:2, instance:TestCases.SmokeTestAll@4214ae8f]" started-at="2025-09-08T21:08:05 IST" name="validateHomePageTitle" finished-at="2025-09-08T21:08:05 IST" duration-ms="10" status="PASS">
          <reporter-output>
          </reporter-output>
        </test-method> <!-- validateHomePageTitle -->
        <test-method signature="validateHomePageURL()[pri:3, instance:TestCases.SmokeTestAll@4214ae8f]" started-at="2025-09-08T21:08:05 IST" name="validateHomePageURL" finished-at="2025-09-08T21:08:05 IST" duration-ms="11" status="PASS">
          <reporter-output>
          </reporter-output>
        </test-method> <!-- validateHomePageURL -->
        <test-method signature="validateLogoDisplayed()[pri:4, instance:TestCases.SmokeTestAll@4214ae8f]" started-at="2025-09-08T21:08:05 IST" name="validateLogoDisplayed" finished-at="2025-09-08T21:08:06 IST" duration-ms="356" status="PASS">
          <reporter-output>
          </reporter-output>
        </test-method> <!-- validateLogoDisplayed -->
        <test-method signature="validateRegisterButtonClickable()[pri:5, instance:TestCases.SmokeTestAll@4214ae8f]" started-at="2025-09-08T21:08:06 IST" name="validateRegisterButtonClickable" finished-at="2025-09-08T21:08:07 IST" duration-ms="1021" status="PASS">
          <reporter-output>
          </reporter-output>
        </test-method> <!-- validateRegisterButtonClickable -->
        <test-method signature="validateLoginButtonClickable()[pri:6, instance:TestCases.SmokeTestAll@4214ae8f]" started-at="2025-09-08T21:08:07 IST" name="validateLoginButtonClickable" finished-at="2025-09-08T21:08:08 IST" duration-ms="974" status="PASS">
          <reporter-output>
          </reporter-output>
        </test-method> <!-- validateLoginButtonClickable -->
        <test-method signature="validateScrollToContactUs()[pri:7, instance:TestCases.SmokeTestAll@4214ae8f]" started-at="2025-09-08T21:08:08 IST" name="validateScrollToContactUs" finished-at="2025-09-08T21:08:08 IST" duration-ms="95" status="PASS">
          <reporter-output>
          </reporter-output>
        </test-method> <!-- validateScrollToContactUs -->
        <test-method signature="validateTopMenuHover()[pri:8, instance:TestCases.SmokeTestAll@4214ae8f]" started-at="2025-09-08T21:08:08 IST" name="validateTopMenuHover" finished-at="2025-09-08T21:08:14 IST" duration-ms="6189" status="PASS">
          <reporter-output>
          </reporter-output>
        </test-method> <!-- validateTopMenuHover -->
        <test-method signature="validateCurrencyDropdown()[pri:9, instance:TestCases.SmokeTestAll@4214ae8f]" started-at="2025-09-08T21:08:14 IST" name="validateCurrencyDropdown" finished-at="2025-09-08T21:08:15 IST" duration-ms="1132" status="PASS">
          <reporter-output>
          </reporter-output>
        </test-method> <!-- validateCurrencyDropdown -->
        <test-method signature="validateCartIconClickable()[pri:10, instance:TestCases.SmokeTestAll@4214ae8f]" started-at="2025-09-08T21:08:15 IST" name="validateCartIconClickable" finished-at="2025-09-08T21:08:15 IST" duration-ms="78" status="PASS">
          <reporter-output>
          </reporter-output>
        </test-method> <!-- validateCartIconClickable -->
        <test-method is-config="true" signature="tearDown()[pri:0, instance:TestCases.SmokeTestAll@4214ae8f]" started-at="2025-09-08T21:08:15 IST" name="tearDown" finished-at="2025-09-08T21:08:15 IST" duration-ms="168" status="PASS">
          <reporter-output>
          </reporter-output>
        </test-method> <!-- tearDown -->
      </class> <!-- TestCases.SmokeTestAll -->
    </test> <!-- Default test -->
  </suite> <!-- Default suite -->
</testng-results>
